<?xml version="1.0" encoding="UTF-8"?>
<coverage generated="1761809533662" clover="3.2.0">
  <project timestamp="1761809533663" name="All files">
    <metrics statements="8" coveredstatements="7" conditionals="6" coveredconditionals="3" methods="5" coveredmethods="5" elements="19" coveredelements="15" complexity="0" loc="8" ncloc="8" packages="1" files="1" classes="1"/>
    <file name="employment.service.js" path="C:\Users\aliey\CS_490_ats_app\application\server\services\employment.service.js">
      <metrics statements="8" coveredstatements="7" conditionals="6" coveredconditionals="3" methods="5" coveredmethods="5"/>
      <line num="6" count="1" type="cond" truecount="2" falsecount="2"/>
      <line num="7" count="0" type="stmt"/>
      <line num="11" count="1" type="cond" truecount="1" falsecount="1"/>
      <line num="14" count="1" type="stmt"/>
      <line num="20" count="1" type="stmt"/>
      <line num="24" count="1" type="stmt"/>
      <line num="28" count="1" type="stmt"/>
      <line num="36" count="1" type="stmt"/>
    </file>
  </project>
</coverage>
