{"C:\\Users\\aliey\\CS_490_ats_app\\application\\server\\models\\employment.js": {"path":"C:\\Users\\aliey\\CS_490_ats_app\\application\\server\\models\\employment.js","statementMap":{"0":{"start":{"line":3,"column":19},"end":{"line":3,"column":27}},"1":{"start":{"line":5,"column":25},"end":{"line":20,"column":1}},"2":{"start":{"line":23,"column":0},"end":{"line":23,"column":68}},"3":{"start":{"line":26,"column":2},"end":{"line":26,"column":78}}},"fnMap":{},"branchMap":{"0":{"loc":{"start":{"line":26,"column":2},"end":{"line":26,"column":78}},"type":"binary-expr","locations":[{"start":{"line":26,"column":2},"end":{"line":26,"column":28}},{"start":{"line":26,"column":32},"end":{"line":26,"column":78}}],"line":26}},"s":{"0":1,"1":1,"2":1,"3":1},"f":{},"b":{"0":[1,1]},"_coverageSchema":"1a1c01bbd47fc00a2c39e90264f33305004495a9","hash":"a22b2b20a3ff9d05ca342723dc4e8035f2937599"}
,"C:\\Users\\aliey\\CS_490_ats_app\\application\\server\\models\\profile.js": {"path":"C:\\Users\\aliey\\CS_490_ats_app\\application\\server\\models\\profile.js","statementMap":{"0":{"start":{"line":3,"column":19},"end":{"line":3,"column":27}},"1":{"start":{"line":7,"column":22},"end":{"line":26,"column":1}}},"fnMap":{},"branchMap":{},"s":{"0":1,"1":1},"f":{},"b":{},"_coverageSchema":"1a1c01bbd47fc00a2c39e90264f33305004495a9","hash":"694e97a21c2c367421f8d1f76dbbd4bcca2faa6e"}
,"C:\\Users\\aliey\\CS_490_ats_app\\application\\server\\routes\\certifications.js": {"path":"C:\\Users\\aliey\\CS_490_ats_app\\application\\server\\routes\\certifications.js","statementMap":{"0":{"start":{"line":7,"column":15},"end":{"line":7,"column":31}},"1":{"start":{"line":11,"column":21},"end":{"line":11,"column":46}},"2":{"start":{"line":12,"column":2},"end":{"line":12,"column":31}},"3":{"start":{"line":12,"column":19},"end":{"line":12,"column":31}},"4":{"start":{"line":13,"column":16},"end":{"line":13,"column":40}},"5":{"start":{"line":14,"column":2},"end":{"line":19,"column":3}},"6":{"start":{"line":15,"column":20},"end":{"line":15,"column":61}},"7":{"start":{"line":16,"column":4},"end":{"line":16,"column":22}},"8":{"start":{"line":18,"column":4},"end":{"line":18,"column":16}},"9":{"start":{"line":23,"column":0},"end":{"line":38,"column":3}},"10":{"start":{"line":24,"column":2},"end":{"line":37,"column":3}},"11":{"start":{"line":25,"column":19},"end":{"line":25,"column":42}},"12":{"start":{"line":26,"column":4},"end":{"line":26,"column":74}},"13":{"start":{"line":26,"column":17},"end":{"line":26,"column":74}},"14":{"start":{"line":28,"column":15},"end":{"line":28,"column":22}},"15":{"start":{"line":29,"column":27},"end":{"line":32,"column":16}},"16":{"start":{"line":34,"column":4},"end":{"line":34,"column":41}},"17":{"start":{"line":36,"column":4},"end":{"line":36,"column":83}},"18":{"start":{"line":41,"column":0},"end":{"line":83,"column":3}},"19":{"start":{"line":42,"column":2},"end":{"line":82,"column":3}},"20":{"start":{"line":43,"column":19},"end":{"line":43,"column":42}},"21":{"start":{"line":44,"column":4},"end":{"line":44,"column":74}},"22":{"start":{"line":44,"column":17},"end":{"line":44,"column":74}},"23":{"start":{"line":57,"column":8},"end":{"line":57,"column":16}},"24":{"start":{"line":59,"column":4},"end":{"line":61,"column":5}},"25":{"start":{"line":60,"column":6},"end":{"line":60,"column":74}},"26":{"start":{"line":63,"column":15},"end":{"line":63,"column":22}},"27":{"start":{"line":64,"column":20},"end":{"line":76,"column":5}},"28":{"start":{"line":78,"column":19},"end":{"line":78,"column":75}},"29":{"start":{"line":79,"column":4},"end":{"line":79,"column":65}},"30":{"start":{"line":81,"column":4},"end":{"line":81,"column":80}},"31":{"start":{"line":86,"column":0},"end":{"line":111,"column":3}},"32":{"start":{"line":87,"column":2},"end":{"line":110,"column":3}},"33":{"start":{"line":88,"column":19},"end":{"line":88,"column":42}},"34":{"start":{"line":89,"column":4},"end":{"line":89,"column":74}},"35":{"start":{"line":89,"column":17},"end":{"line":89,"column":74}},"36":{"start":{"line":91,"column":15},"end":{"line":91,"column":28}},"37":{"start":{"line":92,"column":24},"end":{"line":92,"column":32}},"38":{"start":{"line":93,"column":15},"end":{"line":93,"column":22}},"39":{"start":{"line":95,"column":19},"end":{"line":97,"column":74}},"40":{"start":{"line":99,"column":4},"end":{"line":101,"column":5}},"41":{"start":{"line":100,"column":6},"end":{"line":100,"column":90}},"42":{"start":{"line":103,"column":23},"end":{"line":105,"column":41}},"43":{"start":{"line":107,"column":4},"end":{"line":107,"column":37}},"44":{"start":{"line":109,"column":4},"end":{"line":109,"column":82}},"45":{"start":{"line":114,"column":0},"end":{"line":134,"column":3}},"46":{"start":{"line":115,"column":2},"end":{"line":133,"column":3}},"47":{"start":{"line":116,"column":19},"end":{"line":116,"column":42}},"48":{"start":{"line":117,"column":4},"end":{"line":117,"column":74}},"49":{"start":{"line":117,"column":17},"end":{"line":117,"column":74}},"50":{"start":{"line":119,"column":15},"end":{"line":119,"column":28}},"51":{"start":{"line":120,"column":15},"end":{"line":120,"column":22}},"52":{"start":{"line":122,"column":19},"end":{"line":124,"column":51}},"53":{"start":{"line":126,"column":4},"end":{"line":128,"column":5}},"54":{"start":{"line":127,"column":6},"end":{"line":127,"column":90}},"55":{"start":{"line":130,"column":4},"end":{"line":130,"column":76}},"56":{"start":{"line":132,"column":4},"end":{"line":132,"column":82}}},"fnMap":{"0":{"name":"getUserIdFromToken","decl":{"start":{"line":10,"column":9},"end":{"line":10,"column":27}},"loc":{"start":{"line":10,"column":33},"end":{"line":20,"column":1}},"line":10},"1":{"name":"(anonymous_1)","decl":{"start":{"line":23,"column":16},"end":{"line":23,"column":17}},"loc":{"start":{"line":23,"column":36},"end":{"line":38,"column":1}},"line":23},"2":{"name":"(anonymous_2)","decl":{"start":{"line":41,"column":17},"end":{"line":41,"column":18}},"loc":{"start":{"line":41,"column":37},"end":{"line":83,"column":1}},"line":41},"3":{"name":"(anonymous_3)","decl":{"start":{"line":86,"column":19},"end":{"line":86,"column":20}},"loc":{"start":{"line":86,"column":39},"end":{"line":111,"column":1}},"line":86},"4":{"name":"(anonymous_4)","decl":{"start":{"line":114,"column":22},"end":{"line":114,"column":23}},"loc":{"start":{"line":114,"column":42},"end":{"line":134,"column":1}},"line":114}},"branchMap":{"0":{"loc":{"start":{"line":12,"column":2},"end":{"line":12,"column":31}},"type":"if","locations":[{"start":{"line":12,"column":2},"end":{"line":12,"column":31}},{"start":{},"end":{}}],"line":12},"1":{"loc":{"start":{"line":26,"column":4},"end":{"line":26,"column":74}},"type":"if","locations":[{"start":{"line":26,"column":4},"end":{"line":26,"column":74}},{"start":{},"end":{}}],"line":26},"2":{"loc":{"start":{"line":44,"column":4},"end":{"line":44,"column":74}},"type":"if","locations":[{"start":{"line":44,"column":4},"end":{"line":44,"column":74}},{"start":{},"end":{}}],"line":44},"3":{"loc":{"start":{"line":59,"column":4},"end":{"line":61,"column":5}},"type":"if","locations":[{"start":{"line":59,"column":4},"end":{"line":61,"column":5}},{"start":{},"end":{}}],"line":59},"4":{"loc":{"start":{"line":59,"column":8},"end":{"line":59,"column":45}},"type":"binary-expr","locations":[{"start":{"line":59,"column":8},"end":{"line":59,"column":13}},{"start":{"line":59,"column":17},"end":{"line":59,"column":30}},{"start":{"line":59,"column":34},"end":{"line":59,"column":45}}],"line":59},"5":{"loc":{"start":{"line":89,"column":4},"end":{"line":89,"column":74}},"type":"if","locations":[{"start":{"line":89,"column":4},"end":{"line":89,"column":74}},{"start":{},"end":{}}],"line":89},"6":{"loc":{"start":{"line":99,"column":4},"end":{"line":101,"column":5}},"type":"if","locations":[{"start":{"line":99,"column":4},"end":{"line":101,"column":5}},{"start":{},"end":{}}],"line":99},"7":{"loc":{"start":{"line":117,"column":4},"end":{"line":117,"column":74}},"type":"if","locations":[{"start":{"line":117,"column":4},"end":{"line":117,"column":74}},{"start":{},"end":{}}],"line":117},"8":{"loc":{"start":{"line":126,"column":4},"end":{"line":128,"column":5}},"type":"if","locations":[{"start":{"line":126,"column":4},"end":{"line":128,"column":5}},{"start":{},"end":{}}],"line":126}},"s":{"0":1,"1":21,"2":21,"3":5,"4":16,"5":16,"6":16,"7":14,"8":2,"9":1,"10":6,"11":6,"12":6,"13":4,"14":2,"15":2,"16":1,"17":1,"18":1,"19":6,"20":6,"21":6,"22":1,"23":5,"24":5,"25":3,"26":2,"27":2,"28":2,"29":1,"30":1,"31":1,"32":5,"33":5,"34":5,"35":1,"36":4,"37":4,"38":4,"39":4,"40":3,"41":2,"42":1,"43":1,"44":1,"45":1,"46":4,"47":4,"48":4,"49":1,"50":3,"51":3,"52":3,"53":2,"54":1,"55":1,"56":1},"f":{"0":21,"1":6,"2":6,"3":5,"4":4},"b":{"0":[5,16],"1":[4,2],"2":[1,5],"3":[3,2],"4":[5,4,3],"5":[1,4],"6":[2,1],"7":[1,3],"8":[1,1]},"_coverageSchema":"1a1c01bbd47fc00a2c39e90264f33305004495a9","hash":"538481b99705f0dfd999f93c600bbf23caaa2c59"}
,"C:\\Users\\aliey\\CS_490_ats_app\\application\\server\\routes\\education.js": {"path":"C:\\Users\\aliey\\CS_490_ats_app\\application\\server\\routes\\education.js","statementMap":{"0":{"start":{"line":7,"column":15},"end":{"line":7,"column":31}},"1":{"start":{"line":11,"column":21},"end":{"line":11,"column":46}},"2":{"start":{"line":12,"column":2},"end":{"line":12,"column":31}},"3":{"start":{"line":12,"column":19},"end":{"line":12,"column":31}},"4":{"start":{"line":13,"column":16},"end":{"line":13,"column":40}},"5":{"start":{"line":14,"column":2},"end":{"line":19,"column":3}},"6":{"start":{"line":15,"column":20},"end":{"line":15,"column":61}},"7":{"start":{"line":16,"column":4},"end":{"line":16,"column":22}},"8":{"start":{"line":18,"column":4},"end":{"line":18,"column":16}},"9":{"start":{"line":23,"column":0},"end":{"line":37,"column":3}},"10":{"start":{"line":24,"column":2},"end":{"line":36,"column":3}},"11":{"start":{"line":25,"column":19},"end":{"line":25,"column":42}},"12":{"start":{"line":26,"column":4},"end":{"line":26,"column":74}},"13":{"start":{"line":26,"column":17},"end":{"line":26,"column":74}},"14":{"start":{"line":28,"column":15},"end":{"line":28,"column":22}},"15":{"start":{"line":29,"column":22},"end":{"line":32,"column":16}},"16":{"start":{"line":33,"column":4},"end":{"line":33,"column":36}},"17":{"start":{"line":35,"column":4},"end":{"line":35,"column":78}},"18":{"start":{"line":40,"column":0},"end":{"line":80,"column":3}},"19":{"start":{"line":41,"column":2},"end":{"line":79,"column":3}},"20":{"start":{"line":42,"column":19},"end":{"line":42,"column":42}},"21":{"start":{"line":43,"column":4},"end":{"line":43,"column":74}},"22":{"start":{"line":43,"column":17},"end":{"line":43,"column":74}},"23":{"start":{"line":55,"column":8},"end":{"line":55,"column":16}},"24":{"start":{"line":57,"column":4},"end":{"line":59,"column":5}},"25":{"start":{"line":58,"column":6},"end":{"line":58,"column":74}},"26":{"start":{"line":61,"column":15},"end":{"line":61,"column":22}},"27":{"start":{"line":62,"column":25},"end":{"line":73,"column":5}},"28":{"start":{"line":75,"column":19},"end":{"line":75,"column":75}},"29":{"start":{"line":76,"column":4},"end":{"line":76,"column":70}},"30":{"start":{"line":78,"column":4},"end":{"line":78,"column":76}},"31":{"start":{"line":83,"column":0},"end":{"line":110,"column":3}},"32":{"start":{"line":84,"column":2},"end":{"line":109,"column":3}},"33":{"start":{"line":85,"column":19},"end":{"line":85,"column":42}},"34":{"start":{"line":86,"column":4},"end":{"line":86,"column":74}},"35":{"start":{"line":86,"column":17},"end":{"line":86,"column":74}},"36":{"start":{"line":88,"column":15},"end":{"line":88,"column":28}},"37":{"start":{"line":89,"column":29},"end":{"line":89,"column":37}},"38":{"start":{"line":90,"column":15},"end":{"line":90,"column":22}},"39":{"start":{"line":92,"column":19},"end":{"line":97,"column":7}},"40":{"start":{"line":99,"column":4},"end":{"line":101,"column":5}},"41":{"start":{"line":100,"column":6},"end":{"line":100,"column":76}},"42":{"start":{"line":103,"column":23},"end":{"line":105,"column":41}},"43":{"start":{"line":106,"column":4},"end":{"line":106,"column":37}},"44":{"start":{"line":108,"column":4},"end":{"line":108,"column":78}},"45":{"start":{"line":113,"column":0},"end":{"line":132,"column":3}},"46":{"start":{"line":114,"column":2},"end":{"line":131,"column":3}},"47":{"start":{"line":115,"column":19},"end":{"line":115,"column":42}},"48":{"start":{"line":116,"column":4},"end":{"line":116,"column":74}},"49":{"start":{"line":116,"column":17},"end":{"line":116,"column":74}},"50":{"start":{"line":118,"column":15},"end":{"line":118,"column":28}},"51":{"start":{"line":119,"column":15},"end":{"line":119,"column":22}},"52":{"start":{"line":120,"column":19},"end":{"line":122,"column":51}},"53":{"start":{"line":124,"column":4},"end":{"line":126,"column":5}},"54":{"start":{"line":125,"column":6},"end":{"line":125,"column":76}},"55":{"start":{"line":128,"column":4},"end":{"line":128,"column":72}},"56":{"start":{"line":130,"column":4},"end":{"line":130,"column":78}}},"fnMap":{"0":{"name":"getUserIdFromToken","decl":{"start":{"line":10,"column":9},"end":{"line":10,"column":27}},"loc":{"start":{"line":10,"column":33},"end":{"line":20,"column":1}},"line":10},"1":{"name":"(anonymous_1)","decl":{"start":{"line":23,"column":16},"end":{"line":23,"column":17}},"loc":{"start":{"line":23,"column":36},"end":{"line":37,"column":1}},"line":23},"2":{"name":"(anonymous_2)","decl":{"start":{"line":40,"column":17},"end":{"line":40,"column":18}},"loc":{"start":{"line":40,"column":37},"end":{"line":80,"column":1}},"line":40},"3":{"name":"(anonymous_3)","decl":{"start":{"line":83,"column":19},"end":{"line":83,"column":20}},"loc":{"start":{"line":83,"column":39},"end":{"line":110,"column":1}},"line":83},"4":{"name":"(anonymous_4)","decl":{"start":{"line":113,"column":22},"end":{"line":113,"column":23}},"loc":{"start":{"line":113,"column":42},"end":{"line":132,"column":1}},"line":113}},"branchMap":{"0":{"loc":{"start":{"line":12,"column":2},"end":{"line":12,"column":31}},"type":"if","locations":[{"start":{"line":12,"column":2},"end":{"line":12,"column":31}},{"start":{},"end":{}}],"line":12},"1":{"loc":{"start":{"line":26,"column":4},"end":{"line":26,"column":74}},"type":"if","locations":[{"start":{"line":26,"column":4},"end":{"line":26,"column":74}},{"start":{},"end":{}}],"line":26},"2":{"loc":{"start":{"line":43,"column":4},"end":{"line":43,"column":74}},"type":"if","locations":[{"start":{"line":43,"column":4},"end":{"line":43,"column":74}},{"start":{},"end":{}}],"line":43},"3":{"loc":{"start":{"line":57,"column":4},"end":{"line":59,"column":5}},"type":"if","locations":[{"start":{"line":57,"column":4},"end":{"line":59,"column":5}},{"start":{},"end":{}}],"line":57},"4":{"loc":{"start":{"line":57,"column":8},"end":{"line":57,"column":67}},"type":"binary-expr","locations":[{"start":{"line":57,"column":8},"end":{"line":57,"column":20}},{"start":{"line":57,"column":24},"end":{"line":57,"column":31}},{"start":{"line":57,"column":35},"end":{"line":57,"column":48}},{"start":{"line":57,"column":52},"end":{"line":57,"column":67}}],"line":57},"5":{"loc":{"start":{"line":86,"column":4},"end":{"line":86,"column":74}},"type":"if","locations":[{"start":{"line":86,"column":4},"end":{"line":86,"column":74}},{"start":{},"end":{}}],"line":86},"6":{"loc":{"start":{"line":99,"column":4},"end":{"line":101,"column":5}},"type":"if","locations":[{"start":{"line":99,"column":4},"end":{"line":101,"column":5}},{"start":{},"end":{}}],"line":99},"7":{"loc":{"start":{"line":116,"column":4},"end":{"line":116,"column":74}},"type":"if","locations":[{"start":{"line":116,"column":4},"end":{"line":116,"column":74}},{"start":{},"end":{}}],"line":116},"8":{"loc":{"start":{"line":124,"column":4},"end":{"line":126,"column":5}},"type":"if","locations":[{"start":{"line":124,"column":4},"end":{"line":126,"column":5}},{"start":{},"end":{}}],"line":124}},"s":{"0":1,"1":22,"2":22,"3":5,"4":17,"5":17,"6":17,"7":15,"8":2,"9":1,"10":6,"11":6,"12":6,"13":4,"14":2,"15":2,"16":1,"17":1,"18":1,"19":7,"20":7,"21":7,"22":1,"23":6,"24":6,"25":4,"26":2,"27":2,"28":2,"29":1,"30":1,"31":1,"32":5,"33":5,"34":5,"35":1,"36":4,"37":4,"38":4,"39":4,"40":3,"41":2,"42":1,"43":1,"44":1,"45":1,"46":4,"47":4,"48":4,"49":1,"50":3,"51":3,"52":3,"53":2,"54":1,"55":1,"56":1},"f":{"0":22,"1":6,"2":7,"3":5,"4":4},"b":{"0":[5,17],"1":[4,2],"2":[1,6],"3":[4,2],"4":[6,5,4,3],"5":[1,4],"6":[2,1],"7":[1,3],"8":[1,1]},"_coverageSchema":"1a1c01bbd47fc00a2c39e90264f33305004495a9","hash":"b651e877d1f241ca1e6aba65b15632bdc33fc496"}
,"C:\\Users\\aliey\\CS_490_ats_app\\application\\server\\routes\\employment.js": {"path":"C:\\Users\\aliey\\CS_490_ats_app\\application\\server\\routes\\employment.js","statementMap":{"0":{"start":{"line":16,"column":15},"end":{"line":16,"column":23}},"1":{"start":{"line":19,"column":0},"end":{"line":19,"column":22}},"2":{"start":{"line":25,"column":2},"end":{"line":25,"column":52}},"3":{"start":{"line":25,"column":21},"end":{"line":25,"column":52}},"4":{"start":{"line":26,"column":2},"end":{"line":26,"column":50}},"5":{"start":{"line":26,"column":20},"end":{"line":26,"column":50}},"6":{"start":{"line":29,"column":14},"end":{"line":29,"column":42}},"7":{"start":{"line":30,"column":2},"end":{"line":30,"column":37}},"8":{"start":{"line":34,"column":14},"end":{"line":34,"column":42}},"9":{"start":{"line":35,"column":2},"end":{"line":35,"column":37}},"10":{"start":{"line":44,"column":0},"end":{"line":79,"column":3}},"11":{"start":{"line":45,"column":2},"end":{"line":78,"column":3}},"12":{"start":{"line":46,"column":19},"end":{"line":46,"column":33}},"13":{"start":{"line":47,"column":4},"end":{"line":47,"column":72}},"14":{"start":{"line":47,"column":17},"end":{"line":47,"column":72}},"15":{"start":{"line":49,"column":18},"end":{"line":49,"column":31}},"16":{"start":{"line":53,"column":16},"end":{"line":55,"column":6}},"17":{"start":{"line":59,"column":4},"end":{"line":73,"column":5}},"18":{"start":{"line":60,"column":21},"end":{"line":60,"column":60}},"19":{"start":{"line":60,"column":41},"end":{"line":60,"column":59}},"20":{"start":{"line":61,"column":6},"end":{"line":72,"column":7}},"21":{"start":{"line":62,"column":8},"end":{"line":69,"column":10}},"22":{"start":{"line":64,"column":12},"end":{"line":67,"column":14}},"23":{"start":{"line":71,"column":8},"end":{"line":71,"column":62}},"24":{"start":{"line":75,"column":4},"end":{"line":75,"column":20}},"25":{"start":{"line":77,"column":4},"end":{"line":77,"column":66}},"26":{"start":{"line":85,"column":0},"end":{"line":110,"column":3}},"27":{"start":{"line":86,"column":2},"end":{"line":109,"column":3}},"28":{"start":{"line":87,"column":19},"end":{"line":87,"column":33}},"29":{"start":{"line":88,"column":4},"end":{"line":88,"column":72}},"30":{"start":{"line":88,"column":17},"end":{"line":88,"column":72}},"31":{"start":{"line":90,"column":18},"end":{"line":90,"column":31}},"32":{"start":{"line":93,"column":14},"end":{"line":93,"column":56}},"33":{"start":{"line":96,"column":4},"end":{"line":103,"column":5}},"34":{"start":{"line":97,"column":6},"end":{"line":97,"column":54}},"35":{"start":{"line":98,"column":6},"end":{"line":102,"column":7}},"36":{"start":{"line":100,"column":8},"end":{"line":100,"column":66}},"37":{"start":{"line":101,"column":8},"end":{"line":101,"column":28}},"38":{"start":{"line":105,"column":4},"end":{"line":105,"column":66}},"39":{"start":{"line":105,"column":14},"end":{"line":105,"column":66}},"40":{"start":{"line":106,"column":4},"end":{"line":106,"column":18}},"41":{"start":{"line":108,"column":4},"end":{"line":108,"column":66}},"42":{"start":{"line":116,"column":0},"end":{"line":129,"column":3}},"43":{"start":{"line":117,"column":2},"end":{"line":128,"column":3}},"44":{"start":{"line":118,"column":19},"end":{"line":118,"column":33}},"45":{"start":{"line":119,"column":4},"end":{"line":119,"column":72}},"46":{"start":{"line":119,"column":17},"end":{"line":119,"column":72}},"47":{"start":{"line":121,"column":14},"end":{"line":121,"column":54}},"48":{"start":{"line":122,"column":4},"end":{"line":122,"column":57}},"49":{"start":{"line":122,"column":15},"end":{"line":122,"column":57}},"50":{"start":{"line":124,"column":20},"end":{"line":124,"column":59}},"51":{"start":{"line":125,"column":4},"end":{"line":125,"column":34}},"52":{"start":{"line":127,"column":4},"end":{"line":127,"column":67}},"53":{"start":{"line":135,"column":0},"end":{"line":162,"column":3}},"54":{"start":{"line":136,"column":2},"end":{"line":161,"column":3}},"55":{"start":{"line":137,"column":19},"end":{"line":137,"column":33}},"56":{"start":{"line":138,"column":4},"end":{"line":138,"column":72}},"57":{"start":{"line":138,"column":17},"end":{"line":138,"column":72}},"58":{"start":{"line":140,"column":14},"end":{"line":140,"column":54}},"59":{"start":{"line":141,"column":4},"end":{"line":141,"column":57}},"60":{"start":{"line":141,"column":15},"end":{"line":141,"column":57}},"61":{"start":{"line":144,"column":18},"end":{"line":144,"column":72}},"62":{"start":{"line":147,"column":18},"end":{"line":147,"column":31}},"63":{"start":{"line":148,"column":4},"end":{"line":154,"column":5}},"64":{"start":{"line":149,"column":23},"end":{"line":152,"column":8}},"65":{"start":{"line":153,"column":6},"end":{"line":153,"column":39}},"66":{"start":{"line":153,"column":20},"end":{"line":153,"column":39}},"67":{"start":{"line":156,"column":4},"end":{"line":156,"column":70}},"68":{"start":{"line":156,"column":18},"end":{"line":156,"column":70}},"69":{"start":{"line":158,"column":4},"end":{"line":158,"column":22}},"70":{"start":{"line":160,"column":4},"end":{"line":160,"column":67}},"71":{"start":{"line":167,"column":0},"end":{"line":187,"column":3}},"72":{"start":{"line":168,"column":2},"end":{"line":186,"column":3}},"73":{"start":{"line":169,"column":19},"end":{"line":169,"column":33}},"74":{"start":{"line":170,"column":4},"end":{"line":170,"column":72}},"75":{"start":{"line":170,"column":17},"end":{"line":170,"column":72}},"76":{"start":{"line":173,"column":18},"end":{"line":173,"column":63}},"77":{"start":{"line":176,"column":18},"end":{"line":176,"column":31}},"78":{"start":{"line":177,"column":4},"end":{"line":179,"column":5}},"79":{"start":{"line":178,"column":6},"end":{"line":178,"column":61}},"80":{"start":{"line":181,"column":4},"end":{"line":181,"column":70}},"81":{"start":{"line":181,"column":18},"end":{"line":181,"column":70}},"82":{"start":{"line":183,"column":4},"end":{"line":183,"column":27}},"83":{"start":{"line":185,"column":4},"end":{"line":185,"column":67}}},"fnMap":{"0":{"name":"getUserId","decl":{"start":{"line":23,"column":9},"end":{"line":23,"column":18}},"loc":{"start":{"line":23,"column":24},"end":{"line":31,"column":1}},"line":23},"1":{"name":"getDevId","decl":{"start":{"line":33,"column":9},"end":{"line":33,"column":17}},"loc":{"start":{"line":33,"column":23},"end":{"line":36,"column":1}},"line":33},"2":{"name":"(anonymous_2)","decl":{"start":{"line":44,"column":16},"end":{"line":44,"column":17}},"loc":{"start":{"line":44,"column":36},"end":{"line":79,"column":1}},"line":44},"3":{"name":"(anonymous_3)","decl":{"start":{"line":60,"column":34},"end":{"line":60,"column":35}},"loc":{"start":{"line":60,"column":41},"end":{"line":60,"column":59}},"line":60},"4":{"name":"(anonymous_4)","decl":{"start":{"line":63,"column":21},"end":{"line":63,"column":22}},"loc":{"start":{"line":64,"column":12},"end":{"line":67,"column":14}},"line":64},"5":{"name":"(anonymous_5)","decl":{"start":{"line":85,"column":19},"end":{"line":85,"column":20}},"loc":{"start":{"line":85,"column":39},"end":{"line":110,"column":1}},"line":85},"6":{"name":"(anonymous_6)","decl":{"start":{"line":116,"column":17},"end":{"line":116,"column":18}},"loc":{"start":{"line":116,"column":37},"end":{"line":129,"column":1}},"line":116},"7":{"name":"(anonymous_7)","decl":{"start":{"line":135,"column":19},"end":{"line":135,"column":20}},"loc":{"start":{"line":135,"column":39},"end":{"line":162,"column":1}},"line":135},"8":{"name":"(anonymous_8)","decl":{"start":{"line":167,"column":22},"end":{"line":167,"column":23}},"loc":{"start":{"line":167,"column":42},"end":{"line":187,"column":1}},"line":167}},"branchMap":{"0":{"loc":{"start":{"line":25,"column":2},"end":{"line":25,"column":52}},"type":"if","locations":[{"start":{"line":25,"column":2},"end":{"line":25,"column":52}},{"start":{},"end":{}}],"line":25},"1":{"loc":{"start":{"line":26,"column":2},"end":{"line":26,"column":50}},"type":"if","locations":[{"start":{"line":26,"column":2},"end":{"line":26,"column":50}},{"start":{},"end":{}}],"line":26},"2":{"loc":{"start":{"line":30,"column":9},"end":{"line":30,"column":36}},"type":"cond-expr","locations":[{"start":{"line":30,"column":15},"end":{"line":30,"column":29}},{"start":{"line":30,"column":32},"end":{"line":30,"column":36}}],"line":30},"3":{"loc":{"start":{"line":35,"column":9},"end":{"line":35,"column":36}},"type":"cond-expr","locations":[{"start":{"line":35,"column":15},"end":{"line":35,"column":29}},{"start":{"line":35,"column":32},"end":{"line":35,"column":36}}],"line":35},"4":{"loc":{"start":{"line":47,"column":4},"end":{"line":47,"column":72}},"type":"if","locations":[{"start":{"line":47,"column":4},"end":{"line":47,"column":72}},{"start":{},"end":{}}],"line":47},"5":{"loc":{"start":{"line":54,"column":17},"end":{"line":54,"column":71}},"type":"cond-expr","locations":[{"start":{"line":54,"column":45},"end":{"line":54,"column":60}},{"start":{"line":54,"column":63},"end":{"line":54,"column":71}}],"line":54},"6":{"loc":{"start":{"line":54,"column":17},"end":{"line":54,"column":42}},"type":"binary-expr","locations":[{"start":{"line":54,"column":17},"end":{"line":54,"column":22}},{"start":{"line":54,"column":26},"end":{"line":54,"column":42}}],"line":54},"7":{"loc":{"start":{"line":59,"column":4},"end":{"line":73,"column":5}},"type":"if","locations":[{"start":{"line":59,"column":4},"end":{"line":73,"column":5}},{"start":{},"end":{}}],"line":59},"8":{"loc":{"start":{"line":59,"column":8},"end":{"line":59,"column":33}},"type":"binary-expr","locations":[{"start":{"line":59,"column":8},"end":{"line":59,"column":13}},{"start":{"line":59,"column":17},"end":{"line":59,"column":33}}],"line":59},"9":{"loc":{"start":{"line":61,"column":6},"end":{"line":72,"column":7}},"type":"if","locations":[{"start":{"line":61,"column":6},"end":{"line":72,"column":7}},{"start":{},"end":{}}],"line":61},"10":{"loc":{"start":{"line":77,"column":34},"end":{"line":77,"column":62}},"type":"binary-expr","locations":[{"start":{"line":77,"column":34},"end":{"line":77,"column":44}},{"start":{"line":77,"column":48},"end":{"line":77,"column":62}}],"line":77},"11":{"loc":{"start":{"line":88,"column":4},"end":{"line":88,"column":72}},"type":"if","locations":[{"start":{"line":88,"column":4},"end":{"line":88,"column":72}},{"start":{},"end":{}}],"line":88},"12":{"loc":{"start":{"line":96,"column":4},"end":{"line":103,"column":5}},"type":"if","locations":[{"start":{"line":96,"column":4},"end":{"line":103,"column":5}},{"start":{},"end":{}}],"line":96},"13":{"loc":{"start":{"line":96,"column":8},"end":{"line":96,"column":41}},"type":"binary-expr","locations":[{"start":{"line":96,"column":8},"end":{"line":96,"column":12}},{"start":{"line":96,"column":16},"end":{"line":96,"column":21}},{"start":{"line":96,"column":25},"end":{"line":96,"column":41}}],"line":96},"14":{"loc":{"start":{"line":98,"column":6},"end":{"line":102,"column":7}},"type":"if","locations":[{"start":{"line":98,"column":6},"end":{"line":102,"column":7}},{"start":{},"end":{}}],"line":98},"15":{"loc":{"start":{"line":105,"column":4},"end":{"line":105,"column":66}},"type":"if","locations":[{"start":{"line":105,"column":4},"end":{"line":105,"column":66}},{"start":{},"end":{}}],"line":105},"16":{"loc":{"start":{"line":108,"column":34},"end":{"line":108,"column":62}},"type":"binary-expr","locations":[{"start":{"line":108,"column":34},"end":{"line":108,"column":44}},{"start":{"line":108,"column":48},"end":{"line":108,"column":62}}],"line":108},"17":{"loc":{"start":{"line":119,"column":4},"end":{"line":119,"column":72}},"type":"if","locations":[{"start":{"line":119,"column":4},"end":{"line":119,"column":72}},{"start":{},"end":{}}],"line":119},"18":{"loc":{"start":{"line":122,"column":4},"end":{"line":122,"column":57}},"type":"if","locations":[{"start":{"line":122,"column":4},"end":{"line":122,"column":57}},{"start":{},"end":{}}],"line":122},"19":{"loc":{"start":{"line":127,"column":34},"end":{"line":127,"column":63}},"type":"binary-expr","locations":[{"start":{"line":127,"column":34},"end":{"line":127,"column":44}},{"start":{"line":127,"column":48},"end":{"line":127,"column":63}}],"line":127},"20":{"loc":{"start":{"line":138,"column":4},"end":{"line":138,"column":72}},"type":"if","locations":[{"start":{"line":138,"column":4},"end":{"line":138,"column":72}},{"start":{},"end":{}}],"line":138},"21":{"loc":{"start":{"line":141,"column":4},"end":{"line":141,"column":57}},"type":"if","locations":[{"start":{"line":141,"column":4},"end":{"line":141,"column":57}},{"start":{},"end":{}}],"line":141},"22":{"loc":{"start":{"line":148,"column":4},"end":{"line":154,"column":5}},"type":"if","locations":[{"start":{"line":148,"column":4},"end":{"line":154,"column":5}},{"start":{},"end":{}}],"line":148},"23":{"loc":{"start":{"line":148,"column":8},"end":{"line":148,"column":45}},"type":"binary-expr","locations":[{"start":{"line":148,"column":8},"end":{"line":148,"column":16}},{"start":{"line":148,"column":20},"end":{"line":148,"column":25}},{"start":{"line":148,"column":29},"end":{"line":148,"column":45}}],"line":148},"24":{"loc":{"start":{"line":153,"column":6},"end":{"line":153,"column":39}},"type":"if","locations":[{"start":{"line":153,"column":6},"end":{"line":153,"column":39}},{"start":{},"end":{}}],"line":153},"25":{"loc":{"start":{"line":156,"column":4},"end":{"line":156,"column":70}},"type":"if","locations":[{"start":{"line":156,"column":4},"end":{"line":156,"column":70}},{"start":{},"end":{}}],"line":156},"26":{"loc":{"start":{"line":160,"column":34},"end":{"line":160,"column":63}},"type":"binary-expr","locations":[{"start":{"line":160,"column":34},"end":{"line":160,"column":44}},{"start":{"line":160,"column":48},"end":{"line":160,"column":63}}],"line":160},"27":{"loc":{"start":{"line":170,"column":4},"end":{"line":170,"column":72}},"type":"if","locations":[{"start":{"line":170,"column":4},"end":{"line":170,"column":72}},{"start":{},"end":{}}],"line":170},"28":{"loc":{"start":{"line":177,"column":4},"end":{"line":179,"column":5}},"type":"if","locations":[{"start":{"line":177,"column":4},"end":{"line":179,"column":5}},{"start":{},"end":{}}],"line":177},"29":{"loc":{"start":{"line":177,"column":8},"end":{"line":177,"column":45}},"type":"binary-expr","locations":[{"start":{"line":177,"column":8},"end":{"line":177,"column":16}},{"start":{"line":177,"column":20},"end":{"line":177,"column":25}},{"start":{"line":177,"column":29},"end":{"line":177,"column":45}}],"line":177},"30":{"loc":{"start":{"line":181,"column":4},"end":{"line":181,"column":70}},"type":"if","locations":[{"start":{"line":181,"column":4},"end":{"line":181,"column":70}},{"start":{},"end":{}}],"line":181},"31":{"loc":{"start":{"line":185,"column":34},"end":{"line":185,"column":63}},"type":"binary-expr","locations":[{"start":{"line":185,"column":34},"end":{"line":185,"column":44}},{"start":{"line":185,"column":48},"end":{"line":185,"column":63}}],"line":185}},"s":{"0":1,"1":1,"2":20,"3":19,"4":1,"5":0,"6":1,"7":1,"8":13,"9":13,"10":1,"11":4,"12":4,"13":4,"14":1,"15":3,"16":3,"17":2,"18":1,"19":2,"20":1,"21":1,"22":1,"23":1,"24":2,"25":1,"26":1,"27":4,"28":4,"29":4,"30":0,"31":4,"32":4,"33":3,"34":1,"35":1,"36":1,"37":1,"38":3,"39":1,"40":2,"41":1,"42":1,"43":3,"44":3,"45":3,"46":0,"47":3,"48":3,"49":1,"50":2,"51":1,"52":1,"53":1,"54":5,"55":5,"56":5,"57":0,"58":5,"59":5,"60":1,"61":4,"62":3,"63":3,"64":1,"65":1,"66":1,"67":3,"68":1,"69":2,"70":1,"71":1,"72":4,"73":4,"74":4,"75":0,"76":4,"77":3,"78":3,"79":1,"80":3,"81":1,"82":2,"83":1},"f":{"0":20,"1":13,"2":4,"3":2,"4":1,"5":4,"6":3,"7":5,"8":4},"b":{"0":[19,1],"1":[0,1],"2":[0,1],"3":[8,5],"4":[1,3],"5":[1,2],"6":[3,2],"7":[1,1],"8":[2,1],"9":[1,0],"10":[1,0],"11":[0,4],"12":[1,2],"13":[3,2,2],"14":[1,0],"15":[1,2],"16":[1,0],"17":[0,3],"18":[1,2],"19":[1,0],"20":[0,5],"21":[1,4],"22":[1,2],"23":[3,2,2],"24":[1,0],"25":[1,2],"26":[1,0],"27":[0,4],"28":[1,2],"29":[3,2,2],"30":[1,2],"31":[1,0]},"_coverageSchema":"1a1c01bbd47fc00a2c39e90264f33305004495a9","hash":"b238ab42865e2e19d6409eb14f8782345314d45f"}
,"C:\\Users\\aliey\\CS_490_ats_app\\application\\server\\routes\\profile-photo.js": {"path":"C:\\Users\\aliey\\CS_490_ats_app\\application\\server\\routes\\profile-photo.js","statementMap":{"0":{"start":{"line":10,"column":15},"end":{"line":10,"column":23}},"1":{"start":{"line":13,"column":19},"end":{"line":13,"column":49}},"2":{"start":{"line":14,"column":18},"end":{"line":14,"column":42}},"3":{"start":{"line":15,"column":20},"end":{"line":15,"column":57}},"4":{"start":{"line":19,"column":2},"end":{"line":19,"column":52}},"5":{"start":{"line":19,"column":21},"end":{"line":19,"column":52}},"6":{"start":{"line":20,"column":2},"end":{"line":20,"column":50}},"7":{"start":{"line":20,"column":20},"end":{"line":20,"column":50}},"8":{"start":{"line":21,"column":14},"end":{"line":21,"column":42}},"9":{"start":{"line":22,"column":2},"end":{"line":22,"column":37}},"10":{"start":{"line":26,"column":20},"end":{"line":30,"column":1}},"11":{"start":{"line":31,"column":17},"end":{"line":31,"column":43}},"12":{"start":{"line":34,"column":2},"end":{"line":39,"column":3}},"13":{"start":{"line":35,"column":15},"end":{"line":35,"column":29}},"14":{"start":{"line":36,"column":4},"end":{"line":36,"column":87}},"15":{"start":{"line":36,"column":27},"end":{"line":36,"column":87}},"16":{"start":{"line":38,"column":4},"end":{"line":38,"column":41}},"17":{"start":{"line":43,"column":14},"end":{"line":43,"column":59}},"18":{"start":{"line":44,"column":2},"end":{"line":44,"column":36}},"19":{"start":{"line":45,"column":2},"end":{"line":45,"column":48}},"20":{"start":{"line":46,"column":2},"end":{"line":46,"column":17}},"21":{"start":{"line":47,"column":2},"end":{"line":47,"column":13}},"22":{"start":{"line":51,"column":2},"end":{"line":51,"column":56}},"23":{"start":{"line":55,"column":2},"end":{"line":58,"column":3}},"24":{"start":{"line":56,"column":14},"end":{"line":56,"column":45}},"25":{"start":{"line":57,"column":4},"end":{"line":57,"column":43}},"26":{"start":{"line":57,"column":26},"end":{"line":57,"column":43}},"27":{"start":{"line":62,"column":15},"end":{"line":69,"column":2}},"28":{"start":{"line":66,"column":15},"end":{"line":66,"column":79}},"29":{"start":{"line":67,"column":4},"end":{"line":67,"column":78}},"30":{"start":{"line":72,"column":0},"end":{"line":142,"column":3}},"31":{"start":{"line":73,"column":2},"end":{"line":141,"column":3}},"32":{"start":{"line":75,"column":19},"end":{"line":75,"column":33}},"33":{"start":{"line":76,"column":4},"end":{"line":80,"column":7}},"34":{"start":{"line":81,"column":4},"end":{"line":81,"column":72}},"35":{"start":{"line":81,"column":17},"end":{"line":81,"column":72}},"36":{"start":{"line":84,"column":30},"end":{"line":84,"column":40}},"37":{"start":{"line":85,"column":4},"end":{"line":85,"column":78}},"38":{"start":{"line":85,"column":19},"end":{"line":85,"column":78}},"39":{"start":{"line":88,"column":18},"end":{"line":88,"column":74}},"40":{"start":{"line":89,"column":4},"end":{"line":95,"column":5}},"41":{"start":{"line":90,"column":6},"end":{"line":93,"column":8}},"42":{"start":{"line":94,"column":6},"end":{"line":94,"column":57}},"43":{"start":{"line":96,"column":4},"end":{"line":99,"column":5}},"44":{"start":{"line":97,"column":6},"end":{"line":97,"column":78}},"45":{"start":{"line":98,"column":6},"end":{"line":98,"column":66}},"46":{"start":{"line":102,"column":17},"end":{"line":102,"column":34}},"47":{"start":{"line":103,"column":16},"end":{"line":103,"column":33}},"48":{"start":{"line":104,"column":4},"end":{"line":104,"column":73}},"49":{"start":{"line":104,"column":14},"end":{"line":104,"column":73}},"50":{"start":{"line":106,"column":16},"end":{"line":106,"column":43}},"51":{"start":{"line":107,"column":4},"end":{"line":107,"column":33}},"52":{"start":{"line":110,"column":4},"end":{"line":124,"column":5}},"53":{"start":{"line":111,"column":6},"end":{"line":115,"column":20}},"54":{"start":{"line":116,"column":11},"end":{"line":124,"column":5}},"55":{"start":{"line":117,"column":6},"end":{"line":121,"column":20}},"56":{"start":{"line":123,"column":6},"end":{"line":123,"column":31}},"57":{"start":{"line":126,"column":21},"end":{"line":126,"column":52}},"58":{"start":{"line":127,"column":4},"end":{"line":127,"column":39}},"59":{"start":{"line":129,"column":21},"end":{"line":129,"column":53}},"60":{"start":{"line":131,"column":4},"end":{"line":134,"column":6}},"61":{"start":{"line":136,"column":21},"end":{"line":136,"column":59}},"62":{"start":{"line":137,"column":4},"end":{"line":137,"column":56}},"63":{"start":{"line":139,"column":4},"end":{"line":139,"column":46}},"64":{"start":{"line":140,"column":4},"end":{"line":140,"column":74}},"65":{"start":{"line":145,"column":0},"end":{"line":174,"column":3}},"66":{"start":{"line":146,"column":2},"end":{"line":173,"column":3}},"67":{"start":{"line":147,"column":19},"end":{"line":147,"column":33}},"68":{"start":{"line":148,"column":4},"end":{"line":151,"column":7}},"69":{"start":{"line":152,"column":4},"end":{"line":152,"column":72}},"70":{"start":{"line":152,"column":17},"end":{"line":152,"column":72}},"71":{"start":{"line":154,"column":30},"end":{"line":154,"column":40}},"72":{"start":{"line":157,"column":18},"end":{"line":157,"column":67}},"73":{"start":{"line":158,"column":4},"end":{"line":158,"column":62}},"74":{"start":{"line":158,"column":18},"end":{"line":158,"column":62}},"75":{"start":{"line":159,"column":4},"end":{"line":159,"column":78}},"76":{"start":{"line":159,"column":18},"end":{"line":159,"column":78}},"77":{"start":{"line":161,"column":16},"end":{"line":161,"column":43}},"78":{"start":{"line":162,"column":4},"end":{"line":162,"column":33}},"79":{"start":{"line":164,"column":4},"end":{"line":167,"column":6}},"80":{"start":{"line":169,"column":4},"end":{"line":169,"column":31}},"81":{"start":{"line":171,"column":4},"end":{"line":171,"column":53}},"82":{"start":{"line":172,"column":4},"end":{"line":172,"column":74}}},"fnMap":{"0":{"name":"getUserId","decl":{"start":{"line":18,"column":9},"end":{"line":18,"column":18}},"loc":{"start":{"line":18,"column":24},"end":{"line":23,"column":1}},"line":18},"1":{"name":"ensureDir","decl":{"start":{"line":33,"column":9},"end":{"line":33,"column":18}},"loc":{"start":{"line":33,"column":22},"end":{"line":40,"column":1}},"line":33},"2":{"name":"getDirForProfile","decl":{"start":{"line":42,"column":9},"end":{"line":42,"column":25}},"loc":{"start":{"line":42,"column":37},"end":{"line":48,"column":1}},"line":42},"3":{"name":"buildRelativeUrl","decl":{"start":{"line":50,"column":9},"end":{"line":50,"column":25}},"loc":{"start":{"line":50,"column":42},"end":{"line":52,"column":1}},"line":50},"4":{"name":"deleteAllAvatarVariants","decl":{"start":{"line":54,"column":9},"end":{"line":54,"column":32}},"loc":{"start":{"line":54,"column":38},"end":{"line":59,"column":1}},"line":54},"5":{"name":"(anonymous_5)","decl":{"start":{"line":65,"column":14},"end":{"line":65,"column":15}},"loc":{"start":{"line":65,"column":34},"end":{"line":68,"column":3}},"line":65},"6":{"name":"(anonymous_6)","decl":{"start":{"line":72,"column":50},"end":{"line":72,"column":51}},"loc":{"start":{"line":72,"column":70},"end":{"line":142,"column":1}},"line":72},"7":{"name":"(anonymous_7)","decl":{"start":{"line":145,"column":28},"end":{"line":145,"column":29}},"loc":{"start":{"line":145,"column":48},"end":{"line":174,"column":1}},"line":145}},"branchMap":{"0":{"loc":{"start":{"line":19,"column":2},"end":{"line":19,"column":52}},"type":"if","locations":[{"start":{"line":19,"column":2},"end":{"line":19,"column":52}},{"start":{},"end":{}}],"line":19},"1":{"loc":{"start":{"line":20,"column":2},"end":{"line":20,"column":50}},"type":"if","locations":[{"start":{"line":20,"column":2},"end":{"line":20,"column":50}},{"start":{},"end":{}}],"line":20},"2":{"loc":{"start":{"line":22,"column":9},"end":{"line":22,"column":36}},"type":"cond-expr","locations":[{"start":{"line":22,"column":15},"end":{"line":22,"column":29}},{"start":{"line":22,"column":32},"end":{"line":22,"column":36}}],"line":22},"3":{"loc":{"start":{"line":34,"column":2},"end":{"line":39,"column":3}},"type":"if","locations":[{"start":{"line":34,"column":2},"end":{"line":39,"column":3}},{"start":{"line":37,"column":9},"end":{"line":39,"column":3}}],"line":34},"4":{"loc":{"start":{"line":36,"column":4},"end":{"line":36,"column":87}},"type":"if","locations":[{"start":{"line":36,"column":4},"end":{"line":36,"column":87}},{"start":{},"end":{}}],"line":36},"5":{"loc":{"start":{"line":57,"column":4},"end":{"line":57,"column":43}},"type":"if","locations":[{"start":{"line":57,"column":4},"end":{"line":57,"column":43}},{"start":{},"end":{}}],"line":57},"6":{"loc":{"start":{"line":67,"column":7},"end":{"line":67,"column":72}},"type":"cond-expr","locations":[{"start":{"line":67,"column":12},"end":{"line":67,"column":16}},{"start":{"line":67,"column":19},"end":{"line":67,"column":72}}],"line":67},"7":{"loc":{"start":{"line":81,"column":4},"end":{"line":81,"column":72}},"type":"if","locations":[{"start":{"line":81,"column":4},"end":{"line":81,"column":72}},{"start":{},"end":{}}],"line":81},"8":{"loc":{"start":{"line":85,"column":4},"end":{"line":85,"column":78}},"type":"if","locations":[{"start":{"line":85,"column":4},"end":{"line":85,"column":78}},{"start":{},"end":{}}],"line":85},"9":{"loc":{"start":{"line":89,"column":4},"end":{"line":95,"column":5}},"type":"if","locations":[{"start":{"line":89,"column":4},"end":{"line":95,"column":5}},{"start":{},"end":{}}],"line":89},"10":{"loc":{"start":{"line":96,"column":4},"end":{"line":99,"column":5}},"type":"if","locations":[{"start":{"line":96,"column":4},"end":{"line":99,"column":5}},{"start":{},"end":{}}],"line":96},"11":{"loc":{"start":{"line":104,"column":4},"end":{"line":104,"column":73}},"type":"if","locations":[{"start":{"line":104,"column":4},"end":{"line":104,"column":73}},{"start":{},"end":{}}],"line":104},"12":{"loc":{"start":{"line":110,"column":4},"end":{"line":124,"column":5}},"type":"if","locations":[{"start":{"line":110,"column":4},"end":{"line":124,"column":5}},{"start":{"line":116,"column":11},"end":{"line":124,"column":5}}],"line":110},"13":{"loc":{"start":{"line":116,"column":11},"end":{"line":124,"column":5}},"type":"if","locations":[{"start":{"line":116,"column":11},"end":{"line":124,"column":5}},{"start":{"line":122,"column":11},"end":{"line":124,"column":5}}],"line":116},"14":{"loc":{"start":{"line":136,"column":24},"end":{"line":136,"column":46}},"type":"binary-expr","locations":[{"start":{"line":136,"column":24},"end":{"line":136,"column":40}},{"start":{"line":136,"column":44},"end":{"line":136,"column":46}}],"line":136},"15":{"loc":{"start":{"line":140,"column":41},"end":{"line":140,"column":70}},"type":"binary-expr","locations":[{"start":{"line":140,"column":41},"end":{"line":140,"column":51}},{"start":{"line":140,"column":55},"end":{"line":140,"column":70}}],"line":140},"16":{"loc":{"start":{"line":152,"column":4},"end":{"line":152,"column":72}},"type":"if","locations":[{"start":{"line":152,"column":4},"end":{"line":152,"column":72}},{"start":{},"end":{}}],"line":152},"17":{"loc":{"start":{"line":158,"column":4},"end":{"line":158,"column":62}},"type":"if","locations":[{"start":{"line":158,"column":4},"end":{"line":158,"column":62}},{"start":{},"end":{}}],"line":158},"18":{"loc":{"start":{"line":159,"column":4},"end":{"line":159,"column":78}},"type":"if","locations":[{"start":{"line":159,"column":4},"end":{"line":159,"column":78}},{"start":{},"end":{}}],"line":159},"19":{"loc":{"start":{"line":172,"column":41},"end":{"line":172,"column":70}},"type":"binary-expr","locations":[{"start":{"line":172,"column":41},"end":{"line":172,"column":51}},{"start":{"line":172,"column":55},"end":{"line":172,"column":70}}],"line":172}},"s":{"0":1,"1":1,"2":1,"3":1,"4":22,"5":0,"6":22,"7":20,"8":2,"9":2,"10":1,"11":1,"12":49,"13":31,"14":31,"15":1,"16":18,"17":17,"18":17,"19":16,"20":16,"21":16,"22":8,"23":16,"24":46,"25":46,"26":31,"27":1,"28":15,"29":15,"30":1,"31":14,"32":14,"33":14,"34":14,"35":1,"36":13,"37":13,"38":1,"39":12,"40":12,"41":2,"42":2,"43":12,"44":1,"45":1,"46":11,"47":11,"48":11,"49":0,"50":11,"51":10,"52":10,"53":8,"54":2,"55":1,"56":1,"57":9,"58":9,"59":8,"60":8,"61":7,"62":7,"63":4,"64":4,"65":1,"66":8,"67":8,"68":8,"69":8,"70":1,"71":7,"72":7,"73":7,"74":2,"75":7,"76":1,"77":6,"78":6,"79":5,"80":3,"81":3,"82":3},"f":{"0":22,"1":49,"2":17,"3":8,"4":16,"5":15,"6":14,"7":8},"b":{"0":[0,22],"1":[20,2],"2":[0,2],"3":[31,18],"4":[1,30],"5":[31,15],"6":[14,1],"7":[1,13],"8":[1,12],"9":[2,10],"10":[1,11],"11":[0,11],"12":[8,2],"13":[1,1],"14":[7,0],"15":[4,1],"16":[1,7],"17":[2,5],"18":[1,6],"19":[3,1]},"_coverageSchema":"1a1c01bbd47fc00a2c39e90264f33305004495a9","hash":"0c16b8afb0b3a6b19ef02ca2c99d10df2e68bf6b"}
,"C:\\Users\\aliey\\CS_490_ats_app\\application\\server\\routes\\profile.js": {"path":"C:\\Users\\aliey\\CS_490_ats_app\\application\\server\\routes\\profile.js","statementMap":{"0":{"start":{"line":8,"column":15},"end":{"line":8,"column":23}},"1":{"start":{"line":11,"column":0},"end":{"line":11,"column":22}},"2":{"start":{"line":16,"column":2},"end":{"line":16,"column":52}},"3":{"start":{"line":16,"column":21},"end":{"line":16,"column":52}},"4":{"start":{"line":17,"column":2},"end":{"line":17,"column":50}},"5":{"start":{"line":17,"column":20},"end":{"line":17,"column":50}},"6":{"start":{"line":18,"column":14},"end":{"line":18,"column":42}},"7":{"start":{"line":19,"column":2},"end":{"line":19,"column":37}},"8":{"start":{"line":25,"column":14},"end":{"line":38,"column":3}},"9":{"start":{"line":40,"column":2},"end":{"line":42,"column":3}},"10":{"start":{"line":41,"column":4},"end":{"line":41,"column":39}},"11":{"start":{"line":44,"column":2},"end":{"line":50,"column":3}},"12":{"start":{"line":49,"column":4},"end":{"line":49,"column":24}},"13":{"start":{"line":52,"column":2},"end":{"line":52,"column":13}},"14":{"start":{"line":56,"column":18},"end":{"line":66,"column":3}},"15":{"start":{"line":68,"column":14},"end":{"line":68,"column":15}},"16":{"start":{"line":69,"column":20},"end":{"line":69,"column":21}},"17":{"start":{"line":71,"column":2},"end":{"line":77,"column":3}},"18":{"start":{"line":72,"column":4},"end":{"line":72,"column":26}},"19":{"start":{"line":73,"column":18},"end":{"line":73,"column":32}},"20":{"start":{"line":74,"column":4},"end":{"line":76,"column":36}},"21":{"start":{"line":74,"column":50},"end":{"line":74,"column":66}},"22":{"start":{"line":75,"column":9},"end":{"line":76,"column":36}},"23":{"start":{"line":75,"column":56},"end":{"line":75,"column":72}},"24":{"start":{"line":76,"column":9},"end":{"line":76,"column":36}},"25":{"start":{"line":76,"column":20},"end":{"line":76,"column":36}},"26":{"start":{"line":79,"column":18},"end":{"line":79,"column":57}},"27":{"start":{"line":82,"column":2},"end":{"line":85,"column":35}},"28":{"start":{"line":82,"column":21},"end":{"line":82,"column":49}},"29":{"start":{"line":83,"column":7},"end":{"line":85,"column":35}},"30":{"start":{"line":83,"column":26},"end":{"line":83,"column":52}},"31":{"start":{"line":84,"column":7},"end":{"line":85,"column":35}},"32":{"start":{"line":84,"column":26},"end":{"line":84,"column":51}},"33":{"start":{"line":85,"column":7},"end":{"line":85,"column":35}},"34":{"start":{"line":87,"column":2},"end":{"line":87,"column":35}},"35":{"start":{"line":91,"column":22},"end":{"line":91,"column":24}},"36":{"start":{"line":93,"column":2},"end":{"line":94,"column":81}},"37":{"start":{"line":94,"column":4},"end":{"line":94,"column":81}},"38":{"start":{"line":95,"column":2},"end":{"line":96,"column":59}},"39":{"start":{"line":96,"column":4},"end":{"line":96,"column":59}},"40":{"start":{"line":97,"column":2},"end":{"line":98,"column":69}},"41":{"start":{"line":98,"column":4},"end":{"line":98,"column":69}},"42":{"start":{"line":99,"column":2},"end":{"line":100,"column":61}},"43":{"start":{"line":100,"column":4},"end":{"line":100,"column":61}},"44":{"start":{"line":102,"column":2},"end":{"line":102,"column":21}},"45":{"start":{"line":105,"column":0},"end":{"line":141,"column":3}},"46":{"start":{"line":106,"column":2},"end":{"line":140,"column":3}},"47":{"start":{"line":107,"column":15},"end":{"line":107,"column":22}},"48":{"start":{"line":108,"column":23},"end":{"line":108,"column":33}},"49":{"start":{"line":111,"column":20},"end":{"line":111,"column":71}},"50":{"start":{"line":112,"column":4},"end":{"line":112,"column":78}},"51":{"start":{"line":112,"column":18},"end":{"line":112,"column":78}},"52":{"start":{"line":115,"column":24},"end":{"line":115,"column":80}},"53":{"start":{"line":116,"column":26},"end":{"line":116,"column":84}},"54":{"start":{"line":117,"column":27},"end":{"line":117,"column":86}},"55":{"start":{"line":120,"column":4},"end":{"line":120,"column":50}},"56":{"start":{"line":121,"column":4},"end":{"line":121,"column":54}},"57":{"start":{"line":122,"column":4},"end":{"line":122,"column":56}},"58":{"start":{"line":125,"column":25},"end":{"line":125,"column":62}},"59":{"start":{"line":126,"column":24},"end":{"line":126,"column":54}},"60":{"start":{"line":128,"column":28},"end":{"line":128,"column":30}},"61":{"start":{"line":129,"column":23},"end":{"line":129,"column":59}},"62":{"start":{"line":131,"column":4},"end":{"line":136,"column":7}},"63":{"start":{"line":138,"column":4},"end":{"line":138,"column":23}},"64":{"start":{"line":139,"column":4},"end":{"line":139,"column":80}},"65":{"start":{"line":148,"column":0},"end":{"line":159,"column":3}},"66":{"start":{"line":149,"column":2},"end":{"line":158,"column":3}},"67":{"start":{"line":150,"column":19},"end":{"line":150,"column":33}},"68":{"start":{"line":151,"column":4},"end":{"line":151,"column":72}},"69":{"start":{"line":151,"column":17},"end":{"line":151,"column":72}},"70":{"start":{"line":153,"column":16},"end":{"line":153,"column":56}},"71":{"start":{"line":155,"column":4},"end":{"line":155,"column":31}},"72":{"start":{"line":157,"column":4},"end":{"line":157,"column":66}},"73":{"start":{"line":165,"column":0},"end":{"line":190,"column":3}},"74":{"start":{"line":166,"column":2},"end":{"line":189,"column":3}},"75":{"start":{"line":167,"column":19},"end":{"line":167,"column":33}},"76":{"start":{"line":168,"column":4},"end":{"line":168,"column":72}},"77":{"start":{"line":168,"column":17},"end":{"line":168,"column":72}},"78":{"start":{"line":171,"column":14},"end":{"line":171,"column":74}},"79":{"start":{"line":172,"column":4},"end":{"line":182,"column":5}},"80":{"start":{"line":174,"column":6},"end":{"line":174,"column":57}},"81":{"start":{"line":175,"column":6},"end":{"line":181,"column":7}},"82":{"start":{"line":177,"column":8},"end":{"line":180,"column":10}},"83":{"start":{"line":185,"column":4},"end":{"line":185,"column":66}},"84":{"start":{"line":185,"column":14},"end":{"line":185,"column":66}},"85":{"start":{"line":186,"column":4},"end":{"line":186,"column":18}},"86":{"start":{"line":188,"column":4},"end":{"line":188,"column":66}},"87":{"start":{"line":196,"column":0},"end":{"line":218,"column":3}},"88":{"start":{"line":197,"column":2},"end":{"line":217,"column":3}},"89":{"start":{"line":198,"column":19},"end":{"line":198,"column":33}},"90":{"start":{"line":199,"column":4},"end":{"line":199,"column":72}},"91":{"start":{"line":199,"column":17},"end":{"line":199,"column":72}},"92":{"start":{"line":201,"column":17},"end":{"line":201,"column":44}},"93":{"start":{"line":203,"column":21},"end":{"line":203,"column":54}},"94":{"start":{"line":204,"column":4},"end":{"line":211,"column":5}},"95":{"start":{"line":205,"column":22},"end":{"line":209,"column":7}},"96":{"start":{"line":210,"column":6},"end":{"line":210,"column":43}},"97":{"start":{"line":213,"column":20},"end":{"line":213,"column":61}},"98":{"start":{"line":214,"column":4},"end":{"line":214,"column":41}},"99":{"start":{"line":216,"column":4},"end":{"line":216,"column":67}},"100":{"start":{"line":224,"column":0},"end":{"line":258,"column":3}},"101":{"start":{"line":225,"column":2},"end":{"line":257,"column":3}},"102":{"start":{"line":226,"column":19},"end":{"line":226,"column":33}},"103":{"start":{"line":227,"column":4},"end":{"line":227,"column":72}},"104":{"start":{"line":227,"column":17},"end":{"line":227,"column":72}},"105":{"start":{"line":229,"column":17},"end":{"line":229,"column":44}},"106":{"start":{"line":233,"column":18},"end":{"line":237,"column":5}},"107":{"start":{"line":240,"column":4},"end":{"line":251,"column":5}},"108":{"start":{"line":241,"column":21},"end":{"line":241,"column":58}},"109":{"start":{"line":242,"column":6},"end":{"line":244,"column":7}},"110":{"start":{"line":243,"column":8},"end":{"line":243,"column":60}},"111":{"start":{"line":246,"column":6},"end":{"line":250,"column":8}},"112":{"start":{"line":254,"column":4},"end":{"line":254,"column":22}},"113":{"start":{"line":256,"column":4},"end":{"line":256,"column":67}}},"fnMap":{"0":{"name":"getUserId","decl":{"start":{"line":15,"column":9},"end":{"line":15,"column":18}},"loc":{"start":{"line":15,"column":24},"end":{"line":20,"column":1}},"line":15},"1":{"name":"pickProfileFields","decl":{"start":{"line":24,"column":9},"end":{"line":24,"column":26}},"loc":{"start":{"line":24,"column":37},"end":{"line":53,"column":1}},"line":24},"2":{"name":"calculateProfileCompleteness","decl":{"start":{"line":55,"column":9},"end":{"line":55,"column":37}},"loc":{"start":{"line":55,"column":47},"end":{"line":88,"column":1}},"line":55},"3":{"name":"getProfileSuggestions","decl":{"start":{"line":90,"column":9},"end":{"line":90,"column":30}},"loc":{"start":{"line":90,"column":40},"end":{"line":103,"column":1}},"line":90},"4":{"name":"(anonymous_4)","decl":{"start":{"line":105,"column":36},"end":{"line":105,"column":37}},"loc":{"start":{"line":105,"column":56},"end":{"line":141,"column":1}},"line":105},"5":{"name":"(anonymous_5)","decl":{"start":{"line":148,"column":16},"end":{"line":148,"column":17}},"loc":{"start":{"line":148,"column":36},"end":{"line":159,"column":1}},"line":148},"6":{"name":"(anonymous_6)","decl":{"start":{"line":165,"column":19},"end":{"line":165,"column":20}},"loc":{"start":{"line":165,"column":39},"end":{"line":190,"column":1}},"line":165},"7":{"name":"(anonymous_7)","decl":{"start":{"line":196,"column":17},"end":{"line":196,"column":18}},"loc":{"start":{"line":196,"column":37},"end":{"line":218,"column":1}},"line":196},"8":{"name":"(anonymous_8)","decl":{"start":{"line":224,"column":19},"end":{"line":224,"column":20}},"loc":{"start":{"line":224,"column":39},"end":{"line":258,"column":1}},"line":224}},"branchMap":{"0":{"loc":{"start":{"line":16,"column":2},"end":{"line":16,"column":52}},"type":"if","locations":[{"start":{"line":16,"column":2},"end":{"line":16,"column":52}},{"start":{},"end":{}}],"line":16},"1":{"loc":{"start":{"line":17,"column":2},"end":{"line":17,"column":50}},"type":"if","locations":[{"start":{"line":17,"column":2},"end":{"line":17,"column":50}},{"start":{},"end":{}}],"line":17},"2":{"loc":{"start":{"line":19,"column":9},"end":{"line":19,"column":36}},"type":"cond-expr","locations":[{"start":{"line":19,"column":15},"end":{"line":19,"column":29}},{"start":{"line":19,"column":32},"end":{"line":19,"column":36}}],"line":19},"3":{"loc":{"start":{"line":24,"column":27},"end":{"line":24,"column":35}},"type":"default-arg","locations":[{"start":{"line":24,"column":33},"end":{"line":24,"column":35}}],"line":24},"4":{"loc":{"start":{"line":40,"column":2},"end":{"line":42,"column":3}},"type":"if","locations":[{"start":{"line":40,"column":2},"end":{"line":42,"column":3}},{"start":{},"end":{}}],"line":40},"5":{"loc":{"start":{"line":40,"column":6},"end":{"line":40,"column":68}},"type":"binary-expr","locations":[{"start":{"line":40,"column":6},"end":{"line":40,"column":38}},{"start":{"line":40,"column":42},"end":{"line":40,"column":68}}],"line":40},"6":{"loc":{"start":{"line":44,"column":2},"end":{"line":50,"column":3}},"type":"if","locations":[{"start":{"line":44,"column":2},"end":{"line":50,"column":3}},{"start":{},"end":{}}],"line":44},"7":{"loc":{"start":{"line":45,"column":4},"end":{"line":47,"column":36}},"type":"binary-expr","locations":[{"start":{"line":45,"column":4},"end":{"line":45,"column":16}},{"start":{"line":46,"column":4},"end":{"line":46,"column":35}},{"start":{"line":47,"column":4},"end":{"line":47,"column":36}}],"line":45},"8":{"loc":{"start":{"line":74,"column":4},"end":{"line":76,"column":36}},"type":"if","locations":[{"start":{"line":74,"column":4},"end":{"line":76,"column":36}},{"start":{"line":75,"column":9},"end":{"line":76,"column":36}}],"line":74},"9":{"loc":{"start":{"line":74,"column":8},"end":{"line":74,"column":48}},"type":"binary-expr","locations":[{"start":{"line":74,"column":8},"end":{"line":74,"column":28}},{"start":{"line":74,"column":32},"end":{"line":74,"column":48}}],"line":74},"10":{"loc":{"start":{"line":75,"column":9},"end":{"line":76,"column":36}},"type":"if","locations":[{"start":{"line":75,"column":9},"end":{"line":76,"column":36}},{"start":{"line":76,"column":9},"end":{"line":76,"column":36}}],"line":75},"11":{"loc":{"start":{"line":75,"column":13},"end":{"line":75,"column":54}},"type":"binary-expr","locations":[{"start":{"line":75,"column":13},"end":{"line":75,"column":38}},{"start":{"line":75,"column":42},"end":{"line":75,"column":54}}],"line":75},"12":{"loc":{"start":{"line":76,"column":9},"end":{"line":76,"column":36}},"type":"if","locations":[{"start":{"line":76,"column":9},"end":{"line":76,"column":36}},{"start":{},"end":{}}],"line":76},"13":{"loc":{"start":{"line":82,"column":2},"end":{"line":85,"column":35}},"type":"if","locations":[{"start":{"line":82,"column":2},"end":{"line":85,"column":35}},{"start":{"line":83,"column":7},"end":{"line":85,"column":35}}],"line":82},"14":{"loc":{"start":{"line":83,"column":7},"end":{"line":85,"column":35}},"type":"if","locations":[{"start":{"line":83,"column":7},"end":{"line":85,"column":35}},{"start":{"line":84,"column":7},"end":{"line":85,"column":35}}],"line":83},"15":{"loc":{"start":{"line":84,"column":7},"end":{"line":85,"column":35}},"type":"if","locations":[{"start":{"line":84,"column":7},"end":{"line":85,"column":35}},{"start":{"line":85,"column":7},"end":{"line":85,"column":35}}],"line":84},"16":{"loc":{"start":{"line":93,"column":2},"end":{"line":94,"column":81}},"type":"if","locations":[{"start":{"line":93,"column":2},"end":{"line":94,"column":81}},{"start":{},"end":{}}],"line":93},"17":{"loc":{"start":{"line":95,"column":2},"end":{"line":96,"column":59}},"type":"if","locations":[{"start":{"line":95,"column":2},"end":{"line":96,"column":59}},{"start":{},"end":{}}],"line":95},"18":{"loc":{"start":{"line":97,"column":2},"end":{"line":98,"column":69}},"type":"if","locations":[{"start":{"line":97,"column":2},"end":{"line":98,"column":69}},{"start":{},"end":{}}],"line":97},"19":{"loc":{"start":{"line":99,"column":2},"end":{"line":100,"column":61}},"type":"if","locations":[{"start":{"line":99,"column":2},"end":{"line":100,"column":61}},{"start":{},"end":{}}],"line":99},"20":{"loc":{"start":{"line":112,"column":4},"end":{"line":112,"column":78}},"type":"if","locations":[{"start":{"line":112,"column":4},"end":{"line":112,"column":78}},{"start":{},"end":{}}],"line":112},"21":{"loc":{"start":{"line":151,"column":4},"end":{"line":151,"column":72}},"type":"if","locations":[{"start":{"line":151,"column":4},"end":{"line":151,"column":72}},{"start":{},"end":{}}],"line":151},"22":{"loc":{"start":{"line":155,"column":13},"end":{"line":155,"column":29}},"type":"cond-expr","locations":[{"start":{"line":155,"column":19},"end":{"line":155,"column":24}},{"start":{"line":155,"column":27},"end":{"line":155,"column":29}}],"line":155},"23":{"loc":{"start":{"line":157,"column":34},"end":{"line":157,"column":62}},"type":"binary-expr","locations":[{"start":{"line":157,"column":34},"end":{"line":157,"column":44}},{"start":{"line":157,"column":48},"end":{"line":157,"column":62}}],"line":157},"24":{"loc":{"start":{"line":168,"column":4},"end":{"line":168,"column":72}},"type":"if","locations":[{"start":{"line":168,"column":4},"end":{"line":168,"column":72}},{"start":{},"end":{}}],"line":168},"25":{"loc":{"start":{"line":172,"column":4},"end":{"line":182,"column":5}},"type":"if","locations":[{"start":{"line":172,"column":4},"end":{"line":182,"column":5}},{"start":{},"end":{}}],"line":172},"26":{"loc":{"start":{"line":175,"column":6},"end":{"line":181,"column":7}},"type":"if","locations":[{"start":{"line":175,"column":6},"end":{"line":181,"column":7}},{"start":{},"end":{}}],"line":175},"27":{"loc":{"start":{"line":185,"column":4},"end":{"line":185,"column":66}},"type":"if","locations":[{"start":{"line":185,"column":4},"end":{"line":185,"column":66}},{"start":{},"end":{}}],"line":185},"28":{"loc":{"start":{"line":188,"column":34},"end":{"line":188,"column":62}},"type":"binary-expr","locations":[{"start":{"line":188,"column":34},"end":{"line":188,"column":44}},{"start":{"line":188,"column":48},"end":{"line":188,"column":62}}],"line":188},"29":{"loc":{"start":{"line":199,"column":4},"end":{"line":199,"column":72}},"type":"if","locations":[{"start":{"line":199,"column":4},"end":{"line":199,"column":72}},{"start":{},"end":{}}],"line":199},"30":{"loc":{"start":{"line":204,"column":4},"end":{"line":211,"column":5}},"type":"if","locations":[{"start":{"line":204,"column":4},"end":{"line":211,"column":5}},{"start":{},"end":{}}],"line":204},"31":{"loc":{"start":{"line":216,"column":34},"end":{"line":216,"column":63}},"type":"binary-expr","locations":[{"start":{"line":216,"column":34},"end":{"line":216,"column":44}},{"start":{"line":216,"column":48},"end":{"line":216,"column":63}}],"line":216},"32":{"loc":{"start":{"line":227,"column":4},"end":{"line":227,"column":72}},"type":"if","locations":[{"start":{"line":227,"column":4},"end":{"line":227,"column":72}},{"start":{},"end":{}}],"line":227},"33":{"loc":{"start":{"line":240,"column":4},"end":{"line":251,"column":5}},"type":"if","locations":[{"start":{"line":240,"column":4},"end":{"line":251,"column":5}},{"start":{},"end":{}}],"line":240},"34":{"loc":{"start":{"line":242,"column":6},"end":{"line":244,"column":7}},"type":"if","locations":[{"start":{"line":242,"column":6},"end":{"line":244,"column":7}},{"start":{},"end":{}}],"line":242},"35":{"loc":{"start":{"line":256,"column":34},"end":{"line":256,"column":63}},"type":"binary-expr","locations":[{"start":{"line":256,"column":34},"end":{"line":256,"column":44}},{"start":{"line":256,"column":48},"end":{"line":256,"column":63}}],"line":256}},"s":{"0":1,"1":1,"2":42,"3":1,"4":41,"5":35,"6":6,"7":6,"8":25,"9":25,"10":2,"11":25,"12":21,"13":25,"14":0,"15":0,"16":0,"17":0,"18":0,"19":0,"20":0,"21":0,"22":0,"23":0,"24":0,"25":0,"26":0,"27":0,"28":0,"29":0,"30":0,"31":0,"32":0,"33":0,"34":0,"35":0,"36":0,"37":0,"38":0,"39":0,"40":0,"41":0,"42":0,"43":0,"44":0,"45":1,"46":0,"47":0,"48":0,"49":0,"50":0,"51":0,"52":0,"53":0,"54":0,"55":0,"56":0,"57":0,"58":0,"59":0,"60":0,"61":0,"62":0,"63":0,"64":0,"65":1,"66":9,"67":9,"68":9,"69":2,"70":7,"71":5,"72":2,"73":1,"74":6,"75":6,"76":6,"77":1,"78":5,"79":3,"80":2,"81":2,"82":1,"83":3,"84":1,"85":2,"86":2,"87":1,"88":18,"89":18,"90":18,"91":1,"92":17,"93":17,"94":17,"95":4,"96":3,"97":13,"98":11,"99":3,"100":1,"101":9,"102":9,"103":9,"104":1,"105":8,"106":8,"107":5,"108":2,"109":2,"110":1,"111":1,"112":4,"113":3},"f":{"0":42,"1":25,"2":0,"3":0,"4":0,"5":9,"6":6,"7":18,"8":9},"b":{"0":[1,41],"1":[35,6],"2":[1,5],"3":[0],"4":[2,23],"5":[25,4],"6":[21,4],"7":[25,25,22],"8":[0,0],"9":[0,0],"10":[0,0],"11":[0,0],"12":[0,0],"13":[0,0],"14":[0,0],"15":[0,0],"16":[0,0],"17":[0,0],"18":[0,0],"19":[0,0],"20":[0,0],"21":[2,7],"22":[4,1],"23":[2,1],"24":[1,5],"25":[2,1],"26":[1,1],"27":[1,2],"28":[2,1],"29":[1,17],"30":[4,13],"31":[3,1],"32":[1,8],"33":[2,3],"34":[1,1],"35":[3,1]},"_coverageSchema":"1a1c01bbd47fc00a2c39e90264f33305004495a9","hash":"8283ff640f0970b76af39d75f5dc23037c8fe524"}
,"C:\\Users\\aliey\\CS_490_ats_app\\application\\server\\routes\\projects.js": {"path":"C:\\Users\\aliey\\CS_490_ats_app\\application\\server\\routes\\projects.js","statementMap":{"0":{"start":{"line":7,"column":15},"end":{"line":7,"column":31}},"1":{"start":{"line":10,"column":21},"end":{"line":10,"column":46}},"2":{"start":{"line":11,"column":2},"end":{"line":11,"column":31}},"3":{"start":{"line":11,"column":19},"end":{"line":11,"column":31}},"4":{"start":{"line":12,"column":16},"end":{"line":12,"column":40}},"5":{"start":{"line":13,"column":2},"end":{"line":18,"column":3}},"6":{"start":{"line":14,"column":20},"end":{"line":14,"column":61}},"7":{"start":{"line":15,"column":4},"end":{"line":15,"column":22}},"8":{"start":{"line":17,"column":4},"end":{"line":17,"column":16}},"9":{"start":{"line":21,"column":0},"end":{"line":75,"column":3}},"10":{"start":{"line":22,"column":2},"end":{"line":74,"column":3}},"11":{"start":{"line":23,"column":19},"end":{"line":23,"column":42}},"12":{"start":{"line":24,"column":4},"end":{"line":24,"column":74}},"13":{"start":{"line":24,"column":17},"end":{"line":24,"column":74}},"14":{"start":{"line":26,"column":15},"end":{"line":26,"column":22}},"15":{"start":{"line":34,"column":8},"end":{"line":34,"column":17}},"16":{"start":{"line":36,"column":14},"end":{"line":36,"column":24}},"17":{"start":{"line":39,"column":4},"end":{"line":45,"column":5}},"18":{"start":{"line":41,"column":6},"end":{"line":44,"column":8}},"19":{"start":{"line":47,"column":4},"end":{"line":50,"column":5}},"20":{"start":{"line":49,"column":6},"end":{"line":49,"column":55}},"21":{"start":{"line":52,"column":4},"end":{"line":54,"column":5}},"22":{"start":{"line":53,"column":6},"end":{"line":53,"column":55}},"23":{"start":{"line":57,"column":18},"end":{"line":57,"column":20}},"24":{"start":{"line":58,"column":4},"end":{"line":66,"column":5}},"25":{"start":{"line":59,"column":6},"end":{"line":59,"column":43}},"26":{"start":{"line":60,"column":11},"end":{"line":66,"column":5}},"27":{"start":{"line":61,"column":6},"end":{"line":61,"column":41}},"28":{"start":{"line":62,"column":11},"end":{"line":66,"column":5}},"29":{"start":{"line":63,"column":6},"end":{"line":63,"column":28}},"30":{"start":{"line":64,"column":11},"end":{"line":66,"column":5}},"31":{"start":{"line":65,"column":6},"end":{"line":65,"column":29}},"32":{"start":{"line":70,"column":21},"end":{"line":70,"column":79}},"33":{"start":{"line":71,"column":4},"end":{"line":71,"column":35}},"34":{"start":{"line":73,"column":4},"end":{"line":73,"column":77}},"35":{"start":{"line":77,"column":0},"end":{"line":127,"column":3}},"36":{"start":{"line":78,"column":2},"end":{"line":126,"column":3}},"37":{"start":{"line":79,"column":19},"end":{"line":79,"column":42}},"38":{"start":{"line":80,"column":4},"end":{"line":80,"column":74}},"39":{"start":{"line":80,"column":17},"end":{"line":80,"column":74}},"40":{"start":{"line":97,"column":8},"end":{"line":97,"column":16}},"41":{"start":{"line":99,"column":4},"end":{"line":101,"column":5}},"42":{"start":{"line":100,"column":6},"end":{"line":100,"column":74}},"43":{"start":{"line":103,"column":15},"end":{"line":103,"column":22}},"44":{"start":{"line":104,"column":23},"end":{"line":120,"column":5}},"45":{"start":{"line":122,"column":19},"end":{"line":122,"column":72}},"46":{"start":{"line":123,"column":4},"end":{"line":123,"column":68}},"47":{"start":{"line":125,"column":4},"end":{"line":125,"column":74}},"48":{"start":{"line":129,"column":0},"end":{"line":154,"column":3}},"49":{"start":{"line":130,"column":2},"end":{"line":153,"column":3}},"50":{"start":{"line":131,"column":19},"end":{"line":131,"column":42}},"51":{"start":{"line":132,"column":4},"end":{"line":132,"column":74}},"52":{"start":{"line":132,"column":17},"end":{"line":132,"column":74}},"53":{"start":{"line":134,"column":15},"end":{"line":134,"column":28}},"54":{"start":{"line":135,"column":27},"end":{"line":135,"column":35}},"55":{"start":{"line":137,"column":15},"end":{"line":137,"column":22}},"56":{"start":{"line":138,"column":19},"end":{"line":140,"column":77}},"57":{"start":{"line":142,"column":4},"end":{"line":144,"column":5}},"58":{"start":{"line":143,"column":6},"end":{"line":143,"column":84}},"59":{"start":{"line":146,"column":23},"end":{"line":148,"column":41}},"60":{"start":{"line":150,"column":4},"end":{"line":150,"column":37}},"61":{"start":{"line":152,"column":4},"end":{"line":152,"column":76}},"62":{"start":{"line":156,"column":0},"end":{"line":176,"column":3}},"63":{"start":{"line":157,"column":2},"end":{"line":175,"column":3}},"64":{"start":{"line":158,"column":19},"end":{"line":158,"column":42}},"65":{"start":{"line":159,"column":4},"end":{"line":159,"column":74}},"66":{"start":{"line":159,"column":17},"end":{"line":159,"column":74}},"67":{"start":{"line":161,"column":15},"end":{"line":161,"column":28}},"68":{"start":{"line":162,"column":15},"end":{"line":162,"column":22}},"69":{"start":{"line":164,"column":19},"end":{"line":166,"column":51}},"70":{"start":{"line":168,"column":4},"end":{"line":170,"column":5}},"71":{"start":{"line":169,"column":6},"end":{"line":169,"column":84}},"72":{"start":{"line":172,"column":4},"end":{"line":172,"column":70}},"73":{"start":{"line":174,"column":4},"end":{"line":174,"column":76}},"74":{"start":{"line":179,"column":0},"end":{"line":207,"column":3}},"75":{"start":{"line":180,"column":2},"end":{"line":206,"column":3}},"76":{"start":{"line":181,"column":19},"end":{"line":181,"column":42}},"77":{"start":{"line":182,"column":4},"end":{"line":182,"column":74}},"78":{"start":{"line":182,"column":17},"end":{"line":182,"column":74}},"79":{"start":{"line":184,"column":15},"end":{"line":184,"column":22}},"80":{"start":{"line":185,"column":17},"end":{"line":187,"column":60}},"81":{"start":{"line":189,"column":4},"end":{"line":189,"column":69}},"82":{"start":{"line":189,"column":15},"end":{"line":189,"column":69}},"83":{"start":{"line":192,"column":4},"end":{"line":203,"column":7}},"84":{"start":{"line":205,"column":4},"end":{"line":205,"column":76}}},"fnMap":{"0":{"name":"getUserIdFromToken","decl":{"start":{"line":9,"column":9},"end":{"line":9,"column":27}},"loc":{"start":{"line":9,"column":33},"end":{"line":19,"column":1}},"line":9},"1":{"name":"(anonymous_1)","decl":{"start":{"line":21,"column":16},"end":{"line":21,"column":17}},"loc":{"start":{"line":21,"column":36},"end":{"line":75,"column":1}},"line":21},"2":{"name":"(anonymous_2)","decl":{"start":{"line":77,"column":17},"end":{"line":77,"column":18}},"loc":{"start":{"line":77,"column":37},"end":{"line":127,"column":1}},"line":77},"3":{"name":"(anonymous_3)","decl":{"start":{"line":129,"column":19},"end":{"line":129,"column":20}},"loc":{"start":{"line":129,"column":39},"end":{"line":154,"column":1}},"line":129},"4":{"name":"(anonymous_4)","decl":{"start":{"line":156,"column":22},"end":{"line":156,"column":23}},"loc":{"start":{"line":156,"column":42},"end":{"line":176,"column":1}},"line":156},"5":{"name":"(anonymous_5)","decl":{"start":{"line":179,"column":27},"end":{"line":179,"column":28}},"loc":{"start":{"line":179,"column":47},"end":{"line":207,"column":1}},"line":179}},"branchMap":{"0":{"loc":{"start":{"line":11,"column":2},"end":{"line":11,"column":31}},"type":"if","locations":[{"start":{"line":11,"column":2},"end":{"line":11,"column":31}},{"start":{},"end":{}}],"line":11},"1":{"loc":{"start":{"line":24,"column":4},"end":{"line":24,"column":74}},"type":"if","locations":[{"start":{"line":24,"column":4},"end":{"line":24,"column":74}},{"start":{},"end":{}}],"line":24},"2":{"loc":{"start":{"line":30,"column":6},"end":{"line":30,"column":17}},"type":"default-arg","locations":[{"start":{"line":30,"column":15},"end":{"line":30,"column":17}}],"line":30},"3":{"loc":{"start":{"line":31,"column":6},"end":{"line":31,"column":15}},"type":"default-arg","locations":[{"start":{"line":31,"column":13},"end":{"line":31,"column":15}}],"line":31},"4":{"loc":{"start":{"line":32,"column":6},"end":{"line":32,"column":19}},"type":"default-arg","locations":[{"start":{"line":32,"column":17},"end":{"line":32,"column":19}}],"line":32},"5":{"loc":{"start":{"line":33,"column":6},"end":{"line":33,"column":24}},"type":"default-arg","locations":[{"start":{"line":33,"column":13},"end":{"line":33,"column":24}}],"line":33},"6":{"loc":{"start":{"line":39,"column":4},"end":{"line":45,"column":5}},"type":"if","locations":[{"start":{"line":39,"column":4},"end":{"line":45,"column":5}},{"start":{},"end":{}}],"line":39},"7":{"loc":{"start":{"line":47,"column":4},"end":{"line":50,"column":5}},"type":"if","locations":[{"start":{"line":47,"column":4},"end":{"line":50,"column":5}},{"start":{},"end":{}}],"line":47},"8":{"loc":{"start":{"line":52,"column":4},"end":{"line":54,"column":5}},"type":"if","locations":[{"start":{"line":52,"column":4},"end":{"line":54,"column":5}},{"start":{},"end":{}}],"line":52},"9":{"loc":{"start":{"line":58,"column":4},"end":{"line":66,"column":5}},"type":"if","locations":[{"start":{"line":58,"column":4},"end":{"line":66,"column":5}},{"start":{"line":60,"column":11},"end":{"line":66,"column":5}}],"line":58},"10":{"loc":{"start":{"line":60,"column":11},"end":{"line":66,"column":5}},"type":"if","locations":[{"start":{"line":60,"column":11},"end":{"line":66,"column":5}},{"start":{"line":62,"column":11},"end":{"line":66,"column":5}}],"line":60},"11":{"loc":{"start":{"line":62,"column":11},"end":{"line":66,"column":5}},"type":"if","locations":[{"start":{"line":62,"column":11},"end":{"line":66,"column":5}},{"start":{"line":64,"column":11},"end":{"line":66,"column":5}}],"line":62},"12":{"loc":{"start":{"line":64,"column":11},"end":{"line":66,"column":5}},"type":"if","locations":[{"start":{"line":64,"column":11},"end":{"line":66,"column":5}},{"start":{},"end":{}}],"line":64},"13":{"loc":{"start":{"line":80,"column":4},"end":{"line":80,"column":74}},"type":"if","locations":[{"start":{"line":80,"column":4},"end":{"line":80,"column":74}},{"start":{},"end":{}}],"line":80},"14":{"loc":{"start":{"line":99,"column":4},"end":{"line":101,"column":5}},"type":"if","locations":[{"start":{"line":99,"column":4},"end":{"line":101,"column":5}},{"start":{},"end":{}}],"line":99},"15":{"loc":{"start":{"line":99,"column":8},"end":{"line":99,"column":52}},"type":"binary-expr","locations":[{"start":{"line":99,"column":8},"end":{"line":99,"column":13}},{"start":{"line":99,"column":17},"end":{"line":99,"column":29}},{"start":{"line":99,"column":33},"end":{"line":99,"column":38}},{"start":{"line":99,"column":42},"end":{"line":99,"column":52}}],"line":99},"16":{"loc":{"start":{"line":119,"column":20},"end":{"line":119,"column":38}},"type":"binary-expr","locations":[{"start":{"line":119,"column":20},"end":{"line":119,"column":32}},{"start":{"line":119,"column":36},"end":{"line":119,"column":38}}],"line":119},"17":{"loc":{"start":{"line":132,"column":4},"end":{"line":132,"column":74}},"type":"if","locations":[{"start":{"line":132,"column":4},"end":{"line":132,"column":74}},{"start":{},"end":{}}],"line":132},"18":{"loc":{"start":{"line":142,"column":4},"end":{"line":144,"column":5}},"type":"if","locations":[{"start":{"line":142,"column":4},"end":{"line":144,"column":5}},{"start":{},"end":{}}],"line":142},"19":{"loc":{"start":{"line":159,"column":4},"end":{"line":159,"column":74}},"type":"if","locations":[{"start":{"line":159,"column":4},"end":{"line":159,"column":74}},{"start":{},"end":{}}],"line":159},"20":{"loc":{"start":{"line":168,"column":4},"end":{"line":170,"column":5}},"type":"if","locations":[{"start":{"line":168,"column":4},"end":{"line":170,"column":5}},{"start":{},"end":{}}],"line":168},"21":{"loc":{"start":{"line":182,"column":4},"end":{"line":182,"column":74}},"type":"if","locations":[{"start":{"line":182,"column":4},"end":{"line":182,"column":74}},{"start":{},"end":{}}],"line":182},"22":{"loc":{"start":{"line":189,"column":4},"end":{"line":189,"column":69}},"type":"if","locations":[{"start":{"line":189,"column":4},"end":{"line":189,"column":69}},{"start":{},"end":{}}],"line":189},"23":{"loc":{"start":{"line":196,"column":34},"end":{"line":196,"column":84}},"type":"cond-expr","locations":[{"start":{"line":196,"column":49},"end":{"line":196,"column":69}},{"start":{"line":196,"column":72},"end":{"line":196,"column":84}}],"line":196}},"s":{"0":1,"1":30,"2":30,"3":5,"4":25,"5":25,"6":25,"7":21,"8":4,"9":1,"10":8,"11":8,"12":8,"13":4,"14":4,"15":4,"16":4,"17":4,"18":0,"19":4,"20":0,"21":4,"22":0,"23":4,"24":4,"25":4,"26":0,"27":0,"28":0,"29":0,"30":0,"31":0,"32":4,"33":3,"34":1,"35":1,"36":9,"37":9,"38":9,"39":1,"40":8,"41":8,"42":4,"43":4,"44":4,"45":4,"46":3,"47":1,"48":1,"49":7,"50":7,"51":7,"52":2,"53":5,"54":5,"55":5,"56":5,"57":4,"58":2,"59":2,"60":2,"61":1,"62":1,"63":6,"64":6,"65":6,"66":2,"67":4,"68":4,"69":4,"70":3,"71":2,"72":1,"73":1,"74":1,"75":0,"76":0,"77":0,"78":0,"79":0,"80":0,"81":0,"82":0,"83":0,"84":0},"f":{"0":30,"1":8,"2":9,"3":7,"4":6,"5":0},"b":{"0":[5,25],"1":[4,4],"2":[4],"3":[4],"4":[4],"5":[4],"6":[0,4],"7":[0,4],"8":[0,4],"9":[4,0],"10":[0,0],"11":[0,0],"12":[0,0],"13":[1,8],"14":[4,4],"15":[8,7,6,5],"16":[4,4],"17":[2,5],"18":[2,2],"19":[2,4],"20":[2,1],"21":[0,0],"22":[0,0],"23":[0,0]},"_coverageSchema":"1a1c01bbd47fc00a2c39e90264f33305004495a9","hash":"a589c71b8a661630f812b947c1ed4b2f79100597"}
,"C:\\Users\\aliey\\CS_490_ats_app\\application\\server\\routes\\record.js": {"path":"C:\\Users\\aliey\\CS_490_ats_app\\application\\server\\routes\\record.js","statementMap":{"0":{"start":{"line":6,"column":15},"end":{"line":6,"column":31}},"1":{"start":{"line":9,"column":0},"end":{"line":19,"column":3}},"2":{"start":{"line":10,"column":2},"end":{"line":18,"column":3}},"3":{"start":{"line":11,"column":15},"end":{"line":11,"column":22}},"4":{"start":{"line":12,"column":23},"end":{"line":12,"column":47}},"5":{"start":{"line":13,"column":20},"end":{"line":13,"column":55}},"6":{"start":{"line":14,"column":4},"end":{"line":14,"column":34}},"7":{"start":{"line":16,"column":4},"end":{"line":16,"column":23}},"8":{"start":{"line":17,"column":4},"end":{"line":17,"column":53}},"9":{"start":{"line":22,"column":0},"end":{"line":35,"column":3}},"10":{"start":{"line":23,"column":2},"end":{"line":34,"column":3}},"11":{"start":{"line":24,"column":15},"end":{"line":24,"column":22}},"12":{"start":{"line":25,"column":23},"end":{"line":25,"column":47}},"13":{"start":{"line":26,"column":18},"end":{"line":26,"column":54}},"14":{"start":{"line":27,"column":19},"end":{"line":27,"column":50}},"15":{"start":{"line":29,"column":4},"end":{"line":30,"column":38}},"16":{"start":{"line":29,"column":17},"end":{"line":29,"column":58}},"17":{"start":{"line":30,"column":9},"end":{"line":30,"column":38}},"18":{"start":{"line":32,"column":4},"end":{"line":32,"column":23}},"19":{"start":{"line":33,"column":4},"end":{"line":33,"column":52}},"20":{"start":{"line":38,"column":0},"end":{"line":53,"column":3}},"21":{"start":{"line":39,"column":2},"end":{"line":52,"column":3}},"22":{"start":{"line":40,"column":15},"end":{"line":40,"column":22}},"23":{"start":{"line":41,"column":24},"end":{"line":45,"column":5}},"24":{"start":{"line":46,"column":23},"end":{"line":46,"column":47}},"25":{"start":{"line":47,"column":19},"end":{"line":47,"column":58}},"26":{"start":{"line":48,"column":4},"end":{"line":48,"column":33}},"27":{"start":{"line":50,"column":4},"end":{"line":50,"column":23}},"28":{"start":{"line":51,"column":4},"end":{"line":51,"column":48}},"29":{"start":{"line":56,"column":0},"end":{"line":75,"column":3}},"30":{"start":{"line":57,"column":2},"end":{"line":74,"column":3}},"31":{"start":{"line":58,"column":15},"end":{"line":58,"column":22}},"32":{"start":{"line":59,"column":18},"end":{"line":59,"column":54}},"33":{"start":{"line":60,"column":20},"end":{"line":66,"column":5}},"34":{"start":{"line":68,"column":23},"end":{"line":68,"column":47}},"35":{"start":{"line":69,"column":19},"end":{"line":69,"column":61}},"36":{"start":{"line":70,"column":4},"end":{"line":70,"column":33}},"37":{"start":{"line":72,"column":4},"end":{"line":72,"column":23}},"38":{"start":{"line":73,"column":4},"end":{"line":73,"column":50}},"39":{"start":{"line":78,"column":0},"end":{"line":91,"column":3}},"40":{"start":{"line":79,"column":2},"end":{"line":90,"column":3}},"41":{"start":{"line":80,"column":15},"end":{"line":80,"column":22}},"42":{"start":{"line":81,"column":18},"end":{"line":81,"column":54}},"43":{"start":{"line":83,"column":23},"end":{"line":83,"column":47}},"44":{"start":{"line":84,"column":19},"end":{"line":84,"column":52}},"45":{"start":{"line":86,"column":4},"end":{"line":86,"column":33}},"46":{"start":{"line":88,"column":4},"end":{"line":88,"column":23}},"47":{"start":{"line":89,"column":4},"end":{"line":89,"column":50}}},"fnMap":{"0":{"name":"(anonymous_0)","decl":{"start":{"line":9,"column":16},"end":{"line":9,"column":17}},"loc":{"start":{"line":9,"column":36},"end":{"line":19,"column":1}},"line":9},"1":{"name":"(anonymous_1)","decl":{"start":{"line":22,"column":19},"end":{"line":22,"column":20}},"loc":{"start":{"line":22,"column":39},"end":{"line":35,"column":1}},"line":22},"2":{"name":"(anonymous_2)","decl":{"start":{"line":38,"column":17},"end":{"line":38,"column":18}},"loc":{"start":{"line":38,"column":37},"end":{"line":53,"column":1}},"line":38},"3":{"name":"(anonymous_3)","decl":{"start":{"line":56,"column":21},"end":{"line":56,"column":22}},"loc":{"start":{"line":56,"column":41},"end":{"line":75,"column":1}},"line":56},"4":{"name":"(anonymous_4)","decl":{"start":{"line":78,"column":22},"end":{"line":78,"column":23}},"loc":{"start":{"line":78,"column":42},"end":{"line":91,"column":1}},"line":78}},"branchMap":{"0":{"loc":{"start":{"line":29,"column":4},"end":{"line":30,"column":38}},"type":"if","locations":[{"start":{"line":29,"column":4},"end":{"line":30,"column":38}},{"start":{"line":30,"column":9},"end":{"line":30,"column":38}}],"line":29}},"s":{"0":1,"1":1,"2":8,"3":8,"4":8,"5":8,"6":6,"7":2,"8":2,"9":1,"10":5,"11":5,"12":5,"13":5,"14":4,"15":2,"16":1,"17":1,"18":3,"19":3,"20":1,"21":6,"22":6,"23":6,"24":6,"25":6,"26":4,"27":2,"28":2,"29":1,"30":7,"31":7,"32":7,"33":6,"34":6,"35":6,"36":4,"37":3,"38":3,"39":1,"40":5,"41":5,"42":5,"43":4,"44":4,"45":2,"46":3,"47":3},"f":{"0":8,"1":5,"2":6,"3":7,"4":5},"b":{"0":[1,1]},"_coverageSchema":"1a1c01bbd47fc00a2c39e90264f33305004495a9","hash":"041b8ef57ce09c367ae07406c6d4b69618a5d258"}
,"C:\\Users\\aliey\\CS_490_ats_app\\application\\server\\routes\\skills.js": {"path":"C:\\Users\\aliey\\CS_490_ats_app\\application\\server\\routes\\skills.js","statementMap":{"0":{"start":{"line":7,"column":15},"end":{"line":7,"column":31}},"1":{"start":{"line":11,"column":21},"end":{"line":11,"column":46}},"2":{"start":{"line":12,"column":2},"end":{"line":12,"column":31}},"3":{"start":{"line":12,"column":19},"end":{"line":12,"column":31}},"4":{"start":{"line":13,"column":16},"end":{"line":13,"column":40}},"5":{"start":{"line":14,"column":2},"end":{"line":19,"column":3}},"6":{"start":{"line":15,"column":20},"end":{"line":15,"column":61}},"7":{"start":{"line":16,"column":4},"end":{"line":16,"column":22}},"8":{"start":{"line":18,"column":4},"end":{"line":18,"column":16}},"9":{"start":{"line":23,"column":0},"end":{"line":34,"column":3}},"10":{"start":{"line":24,"column":2},"end":{"line":33,"column":3}},"11":{"start":{"line":25,"column":19},"end":{"line":25,"column":42}},"12":{"start":{"line":26,"column":4},"end":{"line":26,"column":74}},"13":{"start":{"line":26,"column":17},"end":{"line":26,"column":74}},"14":{"start":{"line":28,"column":15},"end":{"line":28,"column":22}},"15":{"start":{"line":29,"column":19},"end":{"line":29,"column":75}},"16":{"start":{"line":30,"column":4},"end":{"line":30,"column":33}},"17":{"start":{"line":32,"column":4},"end":{"line":32,"column":75}},"18":{"start":{"line":37,"column":0},"end":{"line":62,"column":3}},"19":{"start":{"line":38,"column":2},"end":{"line":61,"column":3}},"20":{"start":{"line":39,"column":19},"end":{"line":39,"column":42}},"21":{"start":{"line":40,"column":4},"end":{"line":40,"column":74}},"22":{"start":{"line":40,"column":17},"end":{"line":40,"column":74}},"23":{"start":{"line":42,"column":44},"end":{"line":42,"column":52}},"24":{"start":{"line":43,"column":4},"end":{"line":45,"column":5}},"25":{"start":{"line":44,"column":6},"end":{"line":44,"column":74}},"26":{"start":{"line":47,"column":15},"end":{"line":47,"column":22}},"27":{"start":{"line":50,"column":26},"end":{"line":50,"column":81}},"28":{"start":{"line":51,"column":4},"end":{"line":53,"column":5}},"29":{"start":{"line":52,"column":6},"end":{"line":52,"column":85}},"30":{"start":{"line":55,"column":21},"end":{"line":55,"column":60}},"31":{"start":{"line":56,"column":19},"end":{"line":56,"column":68}},"32":{"start":{"line":58,"column":4},"end":{"line":58,"column":66}},"33":{"start":{"line":60,"column":4},"end":{"line":60,"column":72}},"34":{"start":{"line":65,"column":0},"end":{"line":86,"column":3}},"35":{"start":{"line":66,"column":2},"end":{"line":85,"column":3}},"36":{"start":{"line":67,"column":19},"end":{"line":67,"column":42}},"37":{"start":{"line":68,"column":4},"end":{"line":68,"column":74}},"38":{"start":{"line":68,"column":17},"end":{"line":68,"column":74}},"39":{"start":{"line":70,"column":15},"end":{"line":70,"column":28}},"40":{"start":{"line":71,"column":25},"end":{"line":71,"column":33}},"41":{"start":{"line":72,"column":15},"end":{"line":72,"column":22}},"42":{"start":{"line":74,"column":19},"end":{"line":76,"column":75}},"43":{"start":{"line":78,"column":4},"end":{"line":80,"column":5}},"44":{"start":{"line":79,"column":6},"end":{"line":79,"column":82}},"45":{"start":{"line":82,"column":4},"end":{"line":82,"column":68}},"46":{"start":{"line":84,"column":4},"end":{"line":84,"column":74}},"47":{"start":{"line":89,"column":0},"end":{"line":109,"column":3}},"48":{"start":{"line":90,"column":2},"end":{"line":108,"column":3}},"49":{"start":{"line":91,"column":19},"end":{"line":91,"column":42}},"50":{"start":{"line":92,"column":4},"end":{"line":92,"column":74}},"51":{"start":{"line":92,"column":17},"end":{"line":92,"column":74}},"52":{"start":{"line":94,"column":15},"end":{"line":94,"column":28}},"53":{"start":{"line":95,"column":15},"end":{"line":95,"column":22}},"54":{"start":{"line":97,"column":19},"end":{"line":99,"column":51}},"55":{"start":{"line":101,"column":4},"end":{"line":103,"column":5}},"56":{"start":{"line":102,"column":6},"end":{"line":102,"column":82}},"57":{"start":{"line":105,"column":4},"end":{"line":105,"column":68}},"58":{"start":{"line":107,"column":4},"end":{"line":107,"column":74}}},"fnMap":{"0":{"name":"getUserIdFromToken","decl":{"start":{"line":10,"column":9},"end":{"line":10,"column":27}},"loc":{"start":{"line":10,"column":33},"end":{"line":20,"column":1}},"line":10},"1":{"name":"(anonymous_1)","decl":{"start":{"line":23,"column":16},"end":{"line":23,"column":17}},"loc":{"start":{"line":23,"column":36},"end":{"line":34,"column":1}},"line":23},"2":{"name":"(anonymous_2)","decl":{"start":{"line":37,"column":17},"end":{"line":37,"column":18}},"loc":{"start":{"line":37,"column":37},"end":{"line":62,"column":1}},"line":37},"3":{"name":"(anonymous_3)","decl":{"start":{"line":65,"column":19},"end":{"line":65,"column":20}},"loc":{"start":{"line":65,"column":39},"end":{"line":86,"column":1}},"line":65},"4":{"name":"(anonymous_4)","decl":{"start":{"line":89,"column":22},"end":{"line":89,"column":23}},"loc":{"start":{"line":89,"column":42},"end":{"line":109,"column":1}},"line":89}},"branchMap":{"0":{"loc":{"start":{"line":12,"column":2},"end":{"line":12,"column":31}},"type":"if","locations":[{"start":{"line":12,"column":2},"end":{"line":12,"column":31}},{"start":{},"end":{}}],"line":12},"1":{"loc":{"start":{"line":26,"column":4},"end":{"line":26,"column":74}},"type":"if","locations":[{"start":{"line":26,"column":4},"end":{"line":26,"column":74}},{"start":{},"end":{}}],"line":26},"2":{"loc":{"start":{"line":40,"column":4},"end":{"line":40,"column":74}},"type":"if","locations":[{"start":{"line":40,"column":4},"end":{"line":40,"column":74}},{"start":{},"end":{}}],"line":40},"3":{"loc":{"start":{"line":43,"column":4},"end":{"line":45,"column":5}},"type":"if","locations":[{"start":{"line":43,"column":4},"end":{"line":45,"column":5}},{"start":{},"end":{}}],"line":43},"4":{"loc":{"start":{"line":43,"column":8},"end":{"line":43,"column":42}},"type":"binary-expr","locations":[{"start":{"line":43,"column":8},"end":{"line":43,"column":13}},{"start":{"line":43,"column":17},"end":{"line":43,"column":26}},{"start":{"line":43,"column":30},"end":{"line":43,"column":42}}],"line":43},"5":{"loc":{"start":{"line":51,"column":4},"end":{"line":53,"column":5}},"type":"if","locations":[{"start":{"line":51,"column":4},"end":{"line":53,"column":5}},{"start":{},"end":{}}],"line":51},"6":{"loc":{"start":{"line":68,"column":4},"end":{"line":68,"column":74}},"type":"if","locations":[{"start":{"line":68,"column":4},"end":{"line":68,"column":74}},{"start":{},"end":{}}],"line":68},"7":{"loc":{"start":{"line":78,"column":4},"end":{"line":80,"column":5}},"type":"if","locations":[{"start":{"line":78,"column":4},"end":{"line":80,"column":5}},{"start":{},"end":{}}],"line":78},"8":{"loc":{"start":{"line":92,"column":4},"end":{"line":92,"column":74}},"type":"if","locations":[{"start":{"line":92,"column":4},"end":{"line":92,"column":74}},{"start":{},"end":{}}],"line":92},"9":{"loc":{"start":{"line":101,"column":4},"end":{"line":103,"column":5}},"type":"if","locations":[{"start":{"line":101,"column":4},"end":{"line":103,"column":5}},{"start":{},"end":{}}],"line":101}},"s":{"0":1,"1":32,"2":32,"3":5,"4":27,"5":27,"6":27,"7":22,"8":5,"9":1,"10":9,"11":9,"12":9,"13":4,"14":5,"15":5,"16":4,"17":1,"18":1,"19":10,"20":10,"21":10,"22":2,"23":8,"24":8,"25":3,"26":5,"27":5,"28":4,"29":1,"30":3,"31":3,"32":2,"33":2,"34":1,"35":7,"36":7,"37":7,"38":2,"39":5,"40":5,"41":5,"42":5,"43":4,"44":2,"45":2,"46":1,"47":1,"48":6,"49":6,"50":6,"51":2,"52":4,"53":4,"54":4,"55":3,"56":2,"57":1,"58":1},"f":{"0":32,"1":9,"2":10,"3":7,"4":6},"b":{"0":[5,27],"1":[4,5],"2":[2,8],"3":[3,5],"4":[8,7,6],"5":[1,3],"6":[2,5],"7":[2,2],"8":[2,4],"9":[2,1]},"_coverageSchema":"1a1c01bbd47fc00a2c39e90264f33305004495a9","hash":"13d3b52a351b755fb0ec9b906f651cc17f3e76b3"}
,"C:\\Users\\aliey\\CS_490_ats_app\\application\\server\\services\\profile.js": {"path":"C:\\Users\\aliey\\CS_490_ats_app\\application\\server\\services\\profile.js","statementMap":{"0":{"start":{"line":4,"column":13},"end":{"line":4,"column":20}},"1":{"start":{"line":5,"column":2},"end":{"line":5,"column":55}},"2":{"start":{"line":9,"column":13},"end":{"line":9,"column":20}},"3":{"start":{"line":10,"column":15},"end":{"line":10,"column":40}},"4":{"start":{"line":11,"column":14},"end":{"line":11,"column":24}},"5":{"start":{"line":13,"column":17},"end":{"line":16,"column":3}},"6":{"start":{"line":19,"column":2},"end":{"line":19,"column":61}},"7":{"start":{"line":20,"column":2},"end":{"line":20,"column":34}}},"fnMap":{"0":{"name":"getProfileByUserId","decl":{"start":{"line":3,"column":22},"end":{"line":3,"column":40}},"loc":{"start":{"line":3,"column":49},"end":{"line":6,"column":1}},"line":3},"1":{"name":"upsertProfileByUserId","decl":{"start":{"line":8,"column":22},"end":{"line":8,"column":43}},"loc":{"start":{"line":8,"column":58},"end":{"line":21,"column":1}},"line":8}},"branchMap":{},"s":{"0":1,"1":1,"2":1,"3":1,"4":1,"5":1,"6":1,"7":1},"f":{"0":1,"1":1},"b":{},"_coverageSchema":"1a1c01bbd47fc00a2c39e90264f33305004495a9","hash":"0826b3371adf27c9caf03a91e29293a01dab1a0a"}
}
