{"C:\\Users\\aliey\\CS_490_ats_app\\application\\server\\services\\employment.service.js": {"path":"C:\\Users\\aliey\\CS_490_ats_app\\application\\server\\services\\employment.service.js","statementMap":{"0":{"start":{"line":6,"column":2},"end":{"line":10,"column":3}},"1":{"start":{"line":7,"column":4},"end":{"line":9,"column":14}},"2":{"start":{"line":11,"column":17},"end":{"line":11,"column":60}},"3":{"start":{"line":14,"column":2},"end":{"line":16,"column":12}},"4":{"start":{"line":20,"column":2},"end":{"line":20,"column":51}},"5":{"start":{"line":24,"column":2},"end":{"line":24,"column":56}},"6":{"start":{"line":28,"column":2},"end":{"line":32,"column":4}},"7":{"start":{"line":36,"column":2},"end":{"line":36,"column":58}}},"fnMap":{"0":{"name":"listEmployment","decl":{"start":{"line":4,"column":22},"end":{"line":4,"column":36}},"loc":{"start":{"line":4,"column":42},"end":{"line":17,"column":1}},"line":4},"1":{"name":"createEmployment","decl":{"start":{"line":19,"column":22},"end":{"line":19,"column":38}},"loc":{"start":{"line":19,"column":56},"end":{"line":21,"column":1}},"line":19},"2":{"name":"getEmployment","decl":{"start":{"line":23,"column":22},"end":{"line":23,"column":35}},"loc":{"start":{"line":23,"column":48},"end":{"line":25,"column":1}},"line":23},"3":{"name":"updateEmployment","decl":{"start":{"line":27,"column":22},"end":{"line":27,"column":38}},"loc":{"start":{"line":27,"column":60},"end":{"line":33,"column":1}},"line":27},"4":{"name":"removeEmployment","decl":{"start":{"line":35,"column":22},"end":{"line":35,"column":38}},"loc":{"start":{"line":35,"column":51},"end":{"line":37,"column":1}},"line":35}},"branchMap":{"0":{"loc":{"start":{"line":6,"column":2},"end":{"line":10,"column":3}},"type":"if","locations":[{"start":{"line":6,"column":2},"end":{"line":10,"column":3}},{"start":{},"end":{}}],"line":6},"1":{"loc":{"start":{"line":6,"column":6},"end":{"line":6,"column":47}},"type":"binary-expr","locations":[{"start":{"line":6,"column":6},"end":{"line":6,"column":29}},{"start":{"line":6,"column":33},"end":{"line":6,"column":47}}],"line":6},"2":{"loc":{"start":{"line":11,"column":17},"end":{"line":11,"column":60}},"type":"cond-expr","locations":[{"start":{"line":11,"column":43},"end":{"line":11,"column":46}},{"start":{"line":11,"column":49},"end":{"line":11,"column":60}}],"line":11}},"s":{"0":1,"1":0,"2":1,"3":1,"4":1,"5":1,"6":1,"7":1},"f":{"0":1,"1":1,"2":1,"3":1,"4":1},"b":{"0":[0,1],"1":[1,0],"2":[1,0]},"_coverageSchema":"1a1c01bbd47fc00a2c39e90264f33305004495a9","hash":"8baf6f5b81874c6154bf2c1b5375d4ae94013f64"}
}
