TN:
SF:db/connection.js
FN:27,connectDB
FN:49,connectNative
FN:67,getDb
FN:76,checkDatabaseHealth
FN:83,closeDB
FN:98,redactUriDb
FNF:6
FNH:0
FNDA:0,connectDB
FNDA:0,connectNative
FNDA:0,getDb
FNDA:0,checkDatabaseHealth
FNDA:0,closeDB
FNDA:0,redactUriDb
DA:7,1
DA:10,1
DA:12,1
DA:13,0
DA:19,1
DA:21,1
DA:22,1
DA:28,0
DA:29,0
DA:30,0
DA:33,0
DA:34,0
DA:37,0
DA:38,0
DA:40,0
DA:41,0
DA:50,0
DA:52,0
DA:53,0
DA:54,0
DA:55,0
DA:56,0
DA:57,0
DA:59,0
DA:60,0
DA:68,0
DA:69,0
DA:71,0
DA:72,0
DA:77,0
DA:78,0
DA:79,0
DA:84,0
DA:85,0
DA:86,0
DA:88,0
DA:89,0
DA:90,0
DA:91,0
DA:93,0
DA:94,0
DA:99,0
DA:100,0
DA:101,0
DA:102,0
DA:103,0
DA:105,0
DA:107,0
LF:48
LH:6
BRDA:7,0,0,1
BRDA:7,0,1,1
BRDA:10,1,0,1
BRDA:10,1,1,0
BRDA:12,2,0,0
BRDA:12,2,1,1
BRDA:29,3,0,0
BRDA:29,3,1,0
BRDA:29,4,0,0
BRDA:29,4,1,0
BRDA:50,5,0,0
BRDA:50,5,1,0
BRDA:68,6,0,0
BRDA:68,6,1,0
BRDA:68,7,0,0
BRDA:68,7,1,0
BRDA:71,8,0,0
BRDA:71,8,1,0
BRDA:85,9,0,0
BRDA:85,9,1,0
BRDA:88,10,0,0
BRDA:88,10,1,0
BRDA:101,11,0,0
BRDA:101,11,1,0
BRDA:101,12,0,0
BRDA:101,12,1,0
BRDA:102,13,0,0
BRDA:102,13,1,0
BRDA:103,14,0,0
BRDA:103,14,1,0
BRF:30
BRH:4
end_of_record
TN:
SF:models/employment.js
FNF:0
FNH:0
DA:3,1
DA:5,1
DA:23,1
DA:26,1
LF:4
LH:4
BRDA:26,0,0,1
BRDA:26,0,1,1
BRF:2
BRH:2
end_of_record
TN:
SF:models/profile.js
FNF:0
FNH:0
DA:3,1
DA:7,1
LF:2
LH:2
BRF:0
BRH:0
end_of_record
TN:
SF:routes/certifications.js
FN:10,getUserIdFromToken
FN:23,(anonymous_1)
FN:41,(anonymous_2)
FN:86,(anonymous_3)
FN:114,(anonymous_4)
FNF:5
FNH:5
FNDA:21,getUserIdFromToken
FNDA:6,(anonymous_1)
FNDA:6,(anonymous_2)
FNDA:5,(anonymous_3)
FNDA:4,(anonymous_4)
DA:7,1
DA:11,21
DA:12,21
DA:13,16
DA:14,16
DA:15,16
DA:16,14
DA:18,2
DA:23,1
DA:24,6
DA:25,6
DA:26,6
DA:28,2
DA:29,2
DA:34,1
DA:36,1
DA:41,1
DA:42,6
DA:43,6
DA:44,6
DA:57,5
DA:59,5
DA:60,3
DA:63,2
DA:64,2
DA:78,2
DA:79,1
DA:81,1
DA:86,1
DA:87,5
DA:88,5
DA:89,5
DA:91,4
DA:92,4
DA:93,4
DA:95,4
DA:99,3
DA:100,2
DA:103,1
DA:107,1
DA:109,1
DA:114,1
DA:115,4
DA:116,4
DA:117,4
DA:119,3
DA:120,3
DA:122,3
DA:126,2
DA:127,1
DA:130,1
DA:132,1
LF:52
LH:52
BRDA:12,0,0,5
BRDA:12,0,1,16
BRDA:26,1,0,4
BRDA:26,1,1,2
BRDA:44,2,0,1
BRDA:44,2,1,5
BRDA:59,3,0,3
BRDA:59,3,1,2
BRDA:59,4,0,5
BRDA:59,4,1,4
BRDA:59,4,2,3
BRDA:89,5,0,1
BRDA:89,5,1,4
BRDA:99,6,0,2
BRDA:99,6,1,1
BRDA:117,7,0,1
BRDA:117,7,1,3
BRDA:126,8,0,1
BRDA:126,8,1,1
BRF:19
BRH:19
end_of_record
TN:
SF:routes/education.js
FN:10,getUserIdFromToken
FN:23,(anonymous_1)
FN:40,(anonymous_2)
FN:83,(anonymous_3)
FN:113,(anonymous_4)
FNF:5
FNH:5
FNDA:22,getUserIdFromToken
FNDA:6,(anonymous_1)
FNDA:7,(anonymous_2)
FNDA:5,(anonymous_3)
FNDA:4,(anonymous_4)
DA:7,1
DA:11,22
DA:12,22
DA:13,17
DA:14,17
DA:15,17
DA:16,15
DA:18,2
DA:23,1
DA:24,6
DA:25,6
DA:26,6
DA:28,2
DA:29,2
DA:33,1
DA:35,1
DA:40,1
DA:41,7
DA:42,7
DA:43,7
DA:55,6
DA:57,6
DA:58,4
DA:61,2
DA:62,2
DA:75,2
DA:76,1
DA:78,1
DA:83,1
DA:84,5
DA:85,5
DA:86,5
DA:88,4
DA:89,4
DA:90,4
DA:92,4
DA:99,3
DA:100,2
DA:103,1
DA:106,1
DA:108,1
DA:113,1
DA:114,4
DA:115,4
DA:116,4
DA:118,3
DA:119,3
DA:120,3
DA:124,2
DA:125,1
DA:128,1
DA:130,1
LF:52
LH:52
BRDA:12,0,0,5
BRDA:12,0,1,17
BRDA:26,1,0,4
BRDA:26,1,1,2
BRDA:43,2,0,1
BRDA:43,2,1,6
BRDA:57,3,0,4
BRDA:57,3,1,2
BRDA:57,4,0,6
BRDA:57,4,1,5
BRDA:57,4,2,4
BRDA:57,4,3,3
BRDA:86,5,0,1
BRDA:86,5,1,4
BRDA:99,6,0,2
BRDA:99,6,1,1
BRDA:116,7,0,1
BRDA:116,7,1,3
BRDA:124,8,0,1
BRDA:124,8,1,1
BRF:20
BRH:20
end_of_record
TN:
SF:routes/employment.js
FN:23,getUserId
FN:33,getDevId
FN:44,(anonymous_2)
FN:60,(anonymous_3)
FN:63,(anonymous_4)
FN:85,(anonymous_5)
FN:116,(anonymous_6)
FN:135,(anonymous_7)
FN:167,(anonymous_8)
FNF:9
FNH:9
FNDA:20,getUserId
FNDA:13,getDevId
FNDA:4,(anonymous_2)
FNDA:2,(anonymous_3)
FNDA:1,(anonymous_4)
FNDA:4,(anonymous_5)
FNDA:3,(anonymous_6)
FNDA:5,(anonymous_7)
FNDA:4,(anonymous_8)
DA:16,1
DA:19,1
DA:25,20
DA:26,1
DA:29,1
DA:30,1
DA:34,13
DA:35,13
DA:44,1
DA:45,4
DA:46,4
DA:47,4
DA:49,3
DA:53,3
DA:59,2
DA:60,2
DA:61,1
DA:62,1
DA:64,1
DA:71,1
DA:75,2
DA:77,1
DA:85,1
DA:86,4
DA:87,4
DA:88,4
DA:90,4
DA:93,4
DA:96,3
DA:97,1
DA:98,1
DA:100,1
DA:101,1
DA:105,3
DA:106,2
DA:108,1
DA:116,1
DA:117,3
DA:118,3
DA:119,3
DA:121,3
DA:122,3
DA:124,2
DA:125,1
DA:127,1
DA:135,1
DA:136,5
DA:137,5
DA:138,5
DA:140,5
DA:141,5
DA:144,4
DA:147,3
DA:148,3
DA:149,1
DA:153,1
DA:156,3
DA:158,2
DA:160,1
DA:167,1
DA:168,4
DA:169,4
DA:170,4
DA:173,4
DA:176,3
DA:177,3
DA:178,1
DA:181,3
DA:183,2
DA:185,1
LF:70
LH:70
BRDA:25,0,0,19
BRDA:25,0,1,1
BRDA:26,1,0,0
BRDA:26,1,1,1
BRDA:30,2,0,0
BRDA:30,2,1,1
BRDA:35,3,0,8
BRDA:35,3,1,5
BRDA:47,4,0,1
BRDA:47,4,1,3
BRDA:54,5,0,1
BRDA:54,5,1,2
BRDA:54,6,0,3
BRDA:54,6,1,2
BRDA:59,7,0,1
BRDA:59,7,1,1
BRDA:59,8,0,2
BRDA:59,8,1,1
BRDA:61,9,0,1
BRDA:61,9,1,0
BRDA:77,10,0,1
BRDA:77,10,1,0
BRDA:88,11,0,0
BRDA:88,11,1,4
BRDA:96,12,0,1
BRDA:96,12,1,2
BRDA:96,13,0,3
BRDA:96,13,1,2
BRDA:96,13,2,2
BRDA:98,14,0,1
BRDA:98,14,1,0
BRDA:105,15,0,1
BRDA:105,15,1,2
BRDA:108,16,0,1
BRDA:108,16,1,0
BRDA:119,17,0,0
BRDA:119,17,1,3
BRDA:122,18,0,1
BRDA:122,18,1,2
BRDA:127,19,0,1
BRDA:127,19,1,0
BRDA:138,20,0,0
BRDA:138,20,1,5
BRDA:141,21,0,1
BRDA:141,21,1,4
BRDA:148,22,0,1
BRDA:148,22,1,2
BRDA:148,23,0,3
BRDA:148,23,1,2
BRDA:148,23,2,2
BRDA:153,24,0,1
BRDA:153,24,1,0
BRDA:156,25,0,1
BRDA:156,25,1,2
BRDA:160,26,0,1
BRDA:160,26,1,0
BRDA:170,27,0,0
BRDA:170,27,1,4
BRDA:177,28,0,1
BRDA:177,28,1,2
BRDA:177,29,0,3
BRDA:177,29,1,2
BRDA:177,29,2,2
BRDA:181,30,0,1
BRDA:181,30,1,2
BRDA:185,31,0,1
BRDA:185,31,1,0
BRF:67
BRH:53
end_of_record
TN:
SF:routes/profile-photo.js
FN:18,getUserId
FN:33,ensureDir
FN:42,getDirForProfile
FN:50,buildRelativeUrl
FN:54,deleteAllAvatarVariants
FN:65,(anonymous_5)
FN:72,(anonymous_6)
FN:145,(anonymous_7)
FNF:8
FNH:8
FNDA:22,getUserId
FNDA:49,ensureDir
FNDA:17,getDirForProfile
FNDA:8,buildRelativeUrl
FNDA:16,deleteAllAvatarVariants
FNDA:15,(anonymous_5)
FNDA:14,(anonymous_6)
FNDA:8,(anonymous_7)
DA:10,1
DA:13,1
DA:14,1
DA:15,1
DA:19,22
DA:20,22
DA:21,2
DA:22,2
DA:26,1
DA:31,1
DA:34,49
DA:35,31
DA:36,31
DA:38,18
DA:43,17
DA:44,17
DA:45,16
DA:46,16
DA:47,16
DA:51,8
DA:55,16
DA:56,46
DA:57,46
DA:62,1
DA:66,15
DA:67,15
DA:72,1
DA:73,14
DA:75,14
DA:76,14
DA:81,14
DA:84,13
DA:85,13
DA:88,12
DA:89,12
DA:90,2
DA:94,2
DA:96,12
DA:97,1
DA:98,1
DA:102,11
DA:103,11
DA:104,11
DA:106,11
DA:107,10
DA:110,10
DA:111,8
DA:116,2
DA:117,1
DA:123,1
DA:126,9
DA:127,9
DA:129,8
DA:131,8
DA:136,7
DA:137,7
DA:139,4
DA:140,4
DA:145,1
DA:146,8
DA:147,8
DA:148,8
DA:152,8
DA:154,7
DA:157,7
DA:158,7
DA:159,7
DA:161,6
DA:162,6
DA:164,5
DA:169,3
DA:171,3
DA:172,3
LF:73
LH:73
BRDA:19,0,0,0
BRDA:19,0,1,22
BRDA:20,1,0,20
BRDA:20,1,1,2
BRDA:22,2,0,0
BRDA:22,2,1,2
BRDA:34,3,0,31
BRDA:34,3,1,18
BRDA:36,4,0,1
BRDA:36,4,1,30
BRDA:57,5,0,31
BRDA:57,5,1,15
BRDA:67,6,0,14
BRDA:67,6,1,1
BRDA:81,7,0,1
BRDA:81,7,1,13
BRDA:85,8,0,1
BRDA:85,8,1,12
BRDA:89,9,0,2
BRDA:89,9,1,10
BRDA:96,10,0,1
BRDA:96,10,1,11
BRDA:104,11,0,0
BRDA:104,11,1,11
BRDA:110,12,0,8
BRDA:110,12,1,2
BRDA:116,13,0,1
BRDA:116,13,1,1
BRDA:136,14,0,7
BRDA:136,14,1,0
BRDA:140,15,0,4
BRDA:140,15,1,1
BRDA:152,16,0,1
BRDA:152,16,1,7
BRDA:158,17,0,2
BRDA:158,17,1,5
BRDA:159,18,0,1
BRDA:159,18,1,6
BRDA:172,19,0,3
BRDA:172,19,1,1
BRF:40
BRH:36
end_of_record
TN:
SF:routes/profile.js
FN:15,getUserId
FN:24,pickProfileFields
FN:55,calculateProfileCompleteness
FN:91,getProfileSuggestions
FN:103,(anonymous_4)
FN:133,(anonymous_5)
FN:150,(anonymous_6)
FN:181,(anonymous_7)
FN:209,(anonymous_8)
FNF:9
FNH:6
FNDA:42,getUserId
FNDA:25,pickProfileFields
FNDA:0,calculateProfileCompleteness
FNDA:0,getProfileSuggestions
FNDA:0,(anonymous_4)
FNDA:9,(anonymous_5)
FNDA:6,(anonymous_6)
FNDA:18,(anonymous_7)
FNDA:9,(anonymous_8)
DA:8,1
DA:11,1
DA:16,42
DA:17,41
DA:18,6
DA:19,6
DA:25,25
DA:40,25
DA:41,2
DA:44,25
DA:49,21
DA:52,25
DA:56,0
DA:69,0
DA:70,0
DA:72,0
DA:73,0
DA:74,0
DA:75,0
DA:76,0
DA:77,0
DA:80,0
DA:83,0
DA:84,0
DA:85,0
DA:86,0
DA:88,0
DA:92,0
DA:93,0
DA:94,0
DA:95,0
DA:96,0
DA:97,0
DA:98,0
DA:99,0
DA:103,1
DA:104,0
DA:105,0
DA:106,0
DA:107,0
DA:109,0
DA:111,0
DA:112,0
DA:114,0
DA:115,0
DA:117,0
DA:124,0
DA:125,0
DA:133,1
DA:134,9
DA:135,9
DA:136,9
DA:138,7
DA:140,5
DA:142,2
DA:150,1
DA:151,6
DA:152,6
DA:153,6
DA:156,5
DA:157,3
DA:159,2
DA:160,2
DA:162,1
DA:170,3
DA:171,2
DA:173,2
DA:181,1
DA:182,18
DA:183,18
DA:184,18
DA:186,17
DA:188,17
DA:189,17
DA:190,4
DA:195,3
DA:198,13
DA:199,11
DA:201,3
DA:209,1
DA:210,9
DA:211,9
DA:212,9
DA:214,8
DA:218,8
DA:225,5
DA:226,2
DA:227,2
DA:228,1
DA:231,1
DA:239,4
DA:241,3
LF:92
LH:57
BRDA:16,0,0,1
BRDA:16,0,1,41
BRDA:17,1,0,35
BRDA:17,1,1,6
BRDA:19,2,0,1
BRDA:19,2,1,5
BRDA:24,3,0,0
BRDA:40,4,0,2
BRDA:40,4,1,23
BRDA:40,5,0,25
BRDA:40,5,1,4
BRDA:44,6,0,21
BRDA:44,6,1,4
BRDA:45,7,0,25
BRDA:45,7,1,25
BRDA:45,7,2,22
BRDA:75,8,0,0
BRDA:75,8,1,0
BRDA:75,9,0,0
BRDA:75,9,1,0
BRDA:76,10,0,0
BRDA:76,10,1,0
BRDA:76,11,0,0
BRDA:76,11,1,0
BRDA:77,12,0,0
BRDA:77,12,1,0
BRDA:83,13,0,0
BRDA:83,13,1,0
BRDA:84,14,0,0
BRDA:84,14,1,0
BRDA:85,15,0,0
BRDA:85,15,1,0
BRDA:93,16,0,0
BRDA:93,16,1,0
BRDA:94,17,0,0
BRDA:94,17,1,0
BRDA:95,18,0,0
BRDA:95,18,1,0
BRDA:96,19,0,0
BRDA:96,19,1,0
BRDA:97,20,0,0
BRDA:97,20,1,0
BRDA:98,21,0,0
BRDA:98,21,1,0
BRDA:109,22,0,0
BRDA:109,22,1,0
BRDA:136,23,0,2
BRDA:136,23,1,7
BRDA:140,24,0,4
BRDA:140,24,1,1
BRDA:142,25,0,2
BRDA:142,25,1,1
BRDA:153,26,0,1
BRDA:153,26,1,5
BRDA:157,27,0,2
BRDA:157,27,1,1
BRDA:160,28,0,1
BRDA:160,28,1,1
BRDA:170,29,0,1
BRDA:170,29,1,2
BRDA:173,30,0,2
BRDA:173,30,1,1
BRDA:184,31,0,1
BRDA:184,31,1,17
BRDA:189,32,0,4
BRDA:189,32,1,13
BRDA:201,33,0,3
BRDA:201,33,1,1
BRDA:212,34,0,1
BRDA:212,34,1,8
BRDA:225,35,0,2
BRDA:225,35,1,3
BRDA:227,36,0,1
BRDA:227,36,1,1
BRDA:241,37,0,3
BRDA:241,37,1,1
BRF:76
BRH:45
end_of_record
TN:
SF:routes/projects.js
FN:9,getUserIdFromToken
FN:21,(anonymous_1)
FN:77,(anonymous_2)
FN:129,(anonymous_3)
FN:156,(anonymous_4)
FN:179,(anonymous_5)
FNF:6
FNH:5
FNDA:30,getUserIdFromToken
FNDA:8,(anonymous_1)
FNDA:9,(anonymous_2)
FNDA:7,(anonymous_3)
FNDA:6,(anonymous_4)
FNDA:0,(anonymous_5)
DA:7,1
DA:10,30
DA:11,30
DA:12,25
DA:13,25
DA:14,25
DA:15,21
DA:17,4
DA:21,1
DA:22,8
DA:23,8
DA:24,8
DA:26,4
DA:34,4
DA:36,4
DA:39,4
DA:41,0
DA:47,4
DA:49,0
DA:52,4
DA:53,0
DA:57,4
DA:58,4
DA:59,4
DA:60,0
DA:61,0
DA:62,0
DA:63,0
DA:64,0
DA:65,0
DA:70,4
DA:71,3
DA:73,1
DA:77,1
DA:78,9
DA:79,9
DA:80,9
DA:97,8
DA:99,8
DA:100,4
DA:103,4
DA:104,4
DA:122,4
DA:123,3
DA:125,1
DA:129,1
DA:130,7
DA:131,7
DA:132,7
DA:134,5
DA:135,5
DA:137,5
DA:138,5
DA:142,4
DA:143,2
DA:146,2
DA:150,2
DA:152,1
DA:156,1
DA:157,6
DA:158,6
DA:159,6
DA:161,4
DA:162,4
DA:164,4
DA:168,3
DA:169,2
DA:172,1
DA:174,1
DA:179,1
DA:180,0
DA:181,0
DA:182,0
DA:184,0
DA:185,0
DA:189,0
DA:192,0
DA:205,0
LF:78
LH:61
BRDA:11,0,0,5
BRDA:11,0,1,25
BRDA:24,1,0,4
BRDA:24,1,1,4
BRDA:30,2,0,4
BRDA:31,3,0,4
BRDA:32,4,0,4
BRDA:33,5,0,4
BRDA:39,6,0,0
BRDA:39,6,1,4
BRDA:47,7,0,0
BRDA:47,7,1,4
BRDA:52,8,0,0
BRDA:52,8,1,4
BRDA:58,9,0,4
BRDA:58,9,1,0
BRDA:60,10,0,0
BRDA:60,10,1,0
BRDA:62,11,0,0
BRDA:62,11,1,0
BRDA:64,12,0,0
BRDA:64,12,1,0
BRDA:80,13,0,1
BRDA:80,13,1,8
BRDA:99,14,0,4
BRDA:99,14,1,4
BRDA:99,15,0,8
BRDA:99,15,1,7
BRDA:99,15,2,6
BRDA:99,15,3,5
BRDA:119,16,0,4
BRDA:119,16,1,4
BRDA:132,17,0,2
BRDA:132,17,1,5
BRDA:142,18,0,2
BRDA:142,18,1,2
BRDA:159,19,0,2
BRDA:159,19,1,4
BRDA:168,20,0,2
BRDA:168,20,1,1
BRDA:182,21,0,0
BRDA:182,21,1,0
BRDA:189,22,0,0
BRDA:189,22,1,0
BRDA:196,23,0,0
BRDA:196,23,1,0
BRF:46
BRH:30
end_of_record
TN:
SF:routes/record.js
FN:9,(anonymous_0)
FN:22,(anonymous_1)
FN:38,(anonymous_2)
FN:56,(anonymous_3)
FN:78,(anonymous_4)
FNF:5
FNH:5
FNDA:8,(anonymous_0)
FNDA:5,(anonymous_1)
FNDA:6,(anonymous_2)
FNDA:7,(anonymous_3)
FNDA:5,(anonymous_4)
DA:6,1
DA:9,1
DA:10,8
DA:11,8
DA:12,8
DA:13,8
DA:14,6
DA:16,2
DA:17,2
DA:22,1
DA:23,5
DA:24,5
DA:25,5
DA:26,5
DA:27,4
DA:29,2
DA:30,1
DA:32,3
DA:33,3
DA:38,1
DA:39,6
DA:40,6
DA:41,6
DA:46,6
DA:47,6
DA:48,4
DA:50,2
DA:51,2
DA:56,1
DA:57,7
DA:58,7
DA:59,7
DA:60,6
DA:68,6
DA:69,6
DA:70,4
DA:72,3
DA:73,3
DA:78,1
DA:79,5
DA:80,5
DA:81,5
DA:83,4
DA:84,4
DA:86,2
DA:88,3
DA:89,3
LF:47
LH:47
BRDA:29,0,0,1
BRDA:29,0,1,1
BRF:2
BRH:2
end_of_record
TN:
SF:routes/skills.js
FN:10,getUserIdFromToken
FN:23,(anonymous_1)
FN:37,(anonymous_2)
FN:65,(anonymous_3)
FN:89,(anonymous_4)
FNF:5
FNH:5
FNDA:32,getUserIdFromToken
FNDA:9,(anonymous_1)
FNDA:10,(anonymous_2)
FNDA:7,(anonymous_3)
FNDA:6,(anonymous_4)
DA:7,1
DA:11,32
DA:12,32
DA:13,27
DA:14,27
DA:15,27
DA:16,22
DA:18,5
DA:23,1
DA:24,9
DA:25,9
DA:26,9
DA:28,5
DA:29,5
DA:30,4
DA:32,1
DA:37,1
DA:38,10
DA:39,10
DA:40,10
DA:42,8
DA:43,8
DA:44,3
DA:47,5
DA:50,5
DA:51,4
DA:52,1
DA:55,3
DA:56,3
DA:58,2
DA:60,2
DA:65,1
DA:66,7
DA:67,7
DA:68,7
DA:70,5
DA:71,5
DA:72,5
DA:74,5
DA:78,4
DA:79,2
DA:82,2
DA:84,1
DA:89,1
DA:90,6
DA:91,6
DA:92,6
DA:94,4
DA:95,4
DA:97,4
DA:101,3
DA:102,2
DA:105,1
DA:107,1
LF:54
LH:54
BRDA:12,0,0,5
BRDA:12,0,1,27
BRDA:26,1,0,4
BRDA:26,1,1,5
BRDA:40,2,0,2
BRDA:40,2,1,8
BRDA:43,3,0,3
BRDA:43,3,1,5
BRDA:43,4,0,8
BRDA:43,4,1,7
BRDA:43,4,2,6
BRDA:51,5,0,1
BRDA:51,5,1,3
BRDA:68,6,0,2
BRDA:68,6,1,5
BRDA:78,7,0,2
BRDA:78,7,1,2
BRDA:92,8,0,2
BRDA:92,8,1,4
BRDA:101,9,0,2
BRDA:101,9,1,1
BRF:21
BRH:21
end_of_record
TN:
SF:services/profile.js
FN:3,getProfileByUserId
FN:8,upsertProfileByUserId
FNF:2
FNH:2
FNDA:1,getProfileByUserId
FNDA:1,upsertProfileByUserId
DA:4,1
DA:5,1
DA:9,1
DA:10,1
DA:11,1
DA:13,1
DA:19,1
DA:20,1
LF:8
LH:8
BRF:0
BRH:0
end_of_record
